#
# There is insufficient memory for the Java Runtime Environment to continue.
# Native memory allocation (malloc) failed to allocate 421616 bytes for Chunk::new
# Possible reasons:
#   The system is out of physical RAM or swap space
#   The process is running with CompressedOops enabled, and the Java Heap may be blocking the growth of the native heap
# Possible solutions:
#   Reduce memory load on the system
#   Increase physical memory or swap space
#   Check if swap backing store is full
#   Decrease Java heap size (-Xmx/-Xms)
#   Decrease number of Java threads
#   Decrease Java thread stack sizes (-Xss)
#   Set larger code cache with -XX:ReservedCodeCacheSize=
#   JVM is running with Unscaled Compressed Oops mode in which the Java heap is
#     placed in the first 4GB address space. The Java Heap base address is the
#     maximum limit for the native heap growth. Please use -XX:HeapBaseMinAddress
#     to set the Java Heap base and to place the Java Heap above 4GB virtual address.
# This output file may be truncated or incomplete.
#
#  Out of Memory Error (t:/workspace/open/src/hotspot/share/memory/arena.cpp:197), pid=144592, tid=139744
#
# JRE version: Java(TM) SE Runtime Environment (12.0.2+10) (build 12.0.2+10)
# Java VM: Java HotSpot(TM) 64-Bit Server VM (12.0.2+10, mixed mode, sharing, tiered, compressed oops, g1 gc, windows-amd64)
# No core dump will be written. Minidumps are not enabled by default on client versions of Windows
#

---------------  S U M M A R Y ------------

Command Line: --module-path=C:\Program Files\Java\javafx\javafx-sdk-12.0.2\lib --add-modules=javafx.controls,javafx.fxml --add-modules=javafx.base,javafx.graphics --add-reads=javafx.base=ALL-UNNAMED --add-reads=javafx.graphics=ALL-UNNAMED -javaagent:C:\Program Files\JetBrains\IntelliJ IDEA Educational Edition 2020.1.1\lib\idea_rt.jar=54553:C:\Program Files\JetBrains\IntelliJ IDEA Educational Edition 2020.1.1\bin -Dfile.encoding=UTF-8 sample.Main

Host: Intel(R) Core(TM) i5-6200U CPU @ 2.30GHz, 4 cores, 7G,  Windows 10 , 64 bit Build 19041 (10.0.19041.804)
Time: Sun Apr  4 01:35:07 2021 Afr. centrale Ouest elapsed time: 2 seconds (0d 0h 0m 2s)

---------------  T H R E A D  ---------------

Current thread (0x00000240c7d83800):  JavaThread "C2 CompilerThread1" daemon [_thread_in_native, id=139744, stack(0x00000071a8000000,0x00000071a8100000)]


Current CompileTask:
C2:   2813 1433   !   4       com.sun.javafx.css.ParsedValueImpl::readBinary (688 bytes)

Stack: [0x00000071a8000000,0x00000071a8100000]
Native frames: (J=compiled Java code, j=interpreted, Vv=VM code, C=native code)
V  [jvm.dll+0x63aa2a]
V  [jvm.dll+0x78ce1e]
V  [jvm.dll+0x78e4c1]
V  [jvm.dll+0x78eb13]
V  [jvm.dll+0x2627e8]
V  [jvm.dll+0xc55cc]
V  [jvm.dll+0xc5b4c]
V  [jvm.dll+0x53ac79]
V  [jvm.dll+0x346402]
V  [jvm.dll+0x34579a]
V  [jvm.dll+0x21c205]
V  [jvm.dll+0x21b3da]
V  [jvm.dll+0x199a20]
V  [jvm.dll+0x22a744]
V  [jvm.dll+0x228d98]
V  [jvm.dll+0x7512a0]
V  [jvm.dll+0x74a2c8]
V  [jvm.dll+0x639b16]
C  [ucrtbase.dll+0x21bb2]
C  [KERNEL32.DLL+0x17034]
C  [ntdll.dll+0x52651]


---------------  P R O C E S S  ---------------

Threads class SMR info:
_java_thread_list=0x00000240c86fa9f0, length=18, elements={
0x00000240a7b97000, 0x00000240c651f800, 0x00000240c6521800, 0x00000240c6537800,
0x00000240c6539800, 0x00000240c653c000, 0x00000240c6541000, 0x00000240c6ef5000,
0x00000240c6505000, 0x00000240c74fe000, 0x00000240c78f5000, 0x00000240c7a09800,
0x00000240c8193000, 0x00000240c8197800, 0x00000240c7bcf800, 0x00000240c80cf000,
0x00000240c80c2000, 0x00000240c7d83800
}

Java Threads: ( => current thread )
  0x00000240a7b97000 JavaThread "main" [_thread_blocked, id=137360, stack(0x00000071a6400000,0x00000071a6500000)]
  0x00000240c651f800 JavaThread "Reference Handler" daemon [_thread_blocked, id=138636, stack(0x00000071a6b00000,0x00000071a6c00000)]
  0x00000240c6521800 JavaThread "Finalizer" daemon [_thread_blocked, id=59380, stack(0x00000071a6c00000,0x00000071a6d00000)]
  0x00000240c6537800 JavaThread "Signal Dispatcher" daemon [_thread_blocked, id=141732, stack(0x00000071a6d00000,0x00000071a6e00000)]
  0x00000240c6539800 JavaThread "Attach Listener" daemon [_thread_blocked, id=80040, stack(0x00000071a6e00000,0x00000071a6f00000)]
  0x00000240c653c000 JavaThread "C2 CompilerThread0" daemon [_thread_in_native, id=137444, stack(0x00000071a6f00000,0x00000071a7000000)]
  0x00000240c6541000 JavaThread "C1 CompilerThread0" daemon [_thread_blocked, id=138288, stack(0x00000071a7000000,0x00000071a7100000)]
  0x00000240c6ef5000 JavaThread "Sweeper thread" daemon [_thread_blocked, id=110540, stack(0x00000071a7100000,0x00000071a7200000)]
  0x00000240c6505000 JavaThread "Common-Cleaner" daemon [_thread_blocked, id=139540, stack(0x00000071a7200000,0x00000071a7300000)]
  0x00000240c74fe000 JavaThread "Monitor Ctrl-Break" daemon [_thread_in_native, id=139520, stack(0x00000071a7400000,0x00000071a7500000)]
  0x00000240c78f5000 JavaThread "Service Thread" daemon [_thread_blocked, id=145608, stack(0x00000071a7500000,0x00000071a7600000)]
  0x00000240c7a09800 JavaThread "QuantumRenderer-0" daemon [_thread_blocked, id=133416, stack(0x00000071a7700000,0x00000071a7800000)]
  0x00000240c8193000 JavaThread "InvokeLaterDispatcher" daemon [_thread_blocked, id=140532, stack(0x00000071a7800000,0x00000071a7900000)]
  0x00000240c8197800 JavaThread "JavaFX Application Thread" [_thread_blocked, id=120608, stack(0x00000071a7900000,0x00000071a7a00000)]
  0x00000240c7bcf800 JavaThread "JavaFX-Launcher" [_thread_blocked, id=131720, stack(0x00000071a7e00000,0x00000071a7f00000)]
  0x00000240c80cf000 JavaThread "Thread-2" daemon [_thread_blocked, id=124368, stack(0x00000071a7d00000,0x00000071a7e00000)]
  0x00000240c80c2000 JavaThread "mysql-cj-abandoned-connection-cleanup" daemon [_thread_blocked, id=138992, stack(0x00000071a7f00000,0x00000071a8000000)]
=>0x00000240c7d83800 JavaThread "C2 CompilerThread1" daemon [_thread_in_native, id=139744, stack(0x00000071a8000000,0x00000071a8100000)]

Other Threads:
  0x00000240c651e800 VMThread "VM Thread" [stack: 0x00000071a6a00000,0x00000071a6b00000] [id=124480]
  0x00000240c77fa000 WatcherThread [stack: 0x00000071a7600000,0x00000071a7700000] [id=142500]
  0x00000240a7bd5800 GCTaskThread "GC Thread#0" [stack: 0x00000071a6500000,0x00000071a6600000] [id=136424]
  0x00000240c868e000 GCTaskThread "GC Thread#1" [stack: 0x00000071a7300000,0x00000071a7400000] [id=144904]
  0x00000240cd72d000 GCTaskThread "GC Thread#2" [stack: 0x00000071a8100000,0x00000071a8200000] [id=140188]
  0x00000240c88d7000 GCTaskThread "GC Thread#3" [stack: 0x00000071a8200000,0x00000071a8300000] [id=141680]
  0x00000240a7be4800 ConcurrentGCThread "G1 Main Marker" [stack: 0x00000071a6600000,0x00000071a6700000] [id=141724]
  0x00000240a7be6800 ConcurrentGCThread "G1 Conc#0" [stack: 0x00000071a6700000,0x00000071a6800000] [id=139476]
  0x00000240c638b800 ConcurrentGCThread "G1 Refine#0" [stack: 0x00000071a6800000,0x00000071a6900000] [id=144820]
  0x00000240c638c000 ConcurrentGCThread "G1 Young RemSet Sampling" [stack: 0x00000071a6900000,0x00000071a6a00000] [id=118176]

Threads with active compile tasks:
C2 CompilerThread0  1519       4       java.util.Properties$LineReader::readLine (585 bytes)
C2 CompilerThread1  1433   !   4       com.sun.javafx.css.ParsedValueImpl::readBinary (688 bytes)

VM state:not at safepoint (normal execution)

VM Mutex/Monitor currently owned by a thread: None

Heap address: 0x0000000084a00000, size: 1974 MB, Compressed Oops mode: 32-bit
Narrow klass base: 0x0000000800000000, Narrow klass shift: 3
Compressed class space size: 1073741824 Address: 0x0000000801190000

Heap:
 garbage-first heap   total 48128K, used 12826K [0x0000000084a00000, 0x0000000100000000)
  region size 1024K, 9 young (9216K), 8 survivors (8192K)
 Metaspace       used 14090K, capacity 14578K, committed 14848K, reserved 1069056K
  class space    used 1793K, capacity 1987K, committed 2048K, reserved 1048576K
Heap Regions: E=young(eden), S=young(survivor), O=old, HS=humongous(starts), HC=humongous(continues), CS=collection set, F=free, A=archive, TAMS=top-at-mark-start (previous, next)
|   0|0x0000000084a00000, 0x0000000084af7200, 0x0000000084b00000| 96%| O|  |TAMS 0x0000000084af7200, 0x0000000084a00000| Untracked 
|   1|0x0000000084b00000, 0x0000000084c00000, 0x0000000084c00000|100%|HS|  |TAMS 0x0000000084c00000, 0x0000000084b00000| Complete 
|   2|0x0000000084c00000, 0x0000000084d00000, 0x0000000084d00000|100%|HC|  |TAMS 0x0000000084d00000, 0x0000000084c00000| Complete 
|   3|0x0000000084d00000, 0x0000000084e00000, 0x0000000084e00000|100%|HC|  |TAMS 0x0000000084e00000, 0x0000000084d00000| Complete 
|   4|0x0000000084e00000, 0x0000000084f00000, 0x0000000084f00000|100%|HC|  |TAMS 0x0000000084f00000, 0x0000000084e00000| Complete 
|   5|0x0000000084f00000, 0x0000000084f00000, 0x0000000085000000|  0%| F|  |TAMS 0x0000000084f00000, 0x0000000084f00000| Untracked 
|   6|0x0000000085000000, 0x0000000085000000, 0x0000000085100000|  0%| F|  |TAMS 0x0000000085000000, 0x0000000085000000| Untracked 
|   7|0x0000000085100000, 0x0000000085100000, 0x0000000085200000|  0%| F|  |TAMS 0x0000000085100000, 0x0000000085100000| Untracked 
|   8|0x0000000085200000, 0x0000000085200000, 0x0000000085300000|  0%| F|  |TAMS 0x0000000085200000, 0x0000000085200000| Untracked 
|   9|0x0000000085300000, 0x0000000085300000, 0x0000000085400000|  0%| F|  |TAMS 0x0000000085300000, 0x0000000085300000| Untracked 
|  10|0x0000000085400000, 0x0000000085400000, 0x0000000085500000|  0%| F|  |TAMS 0x0000000085400000, 0x0000000085400000| Untracked 
|  11|0x0000000085500000, 0x0000000085500000, 0x0000000085600000|  0%| F|  |TAMS 0x0000000085500000, 0x0000000085500000| Untracked 
|  12|0x0000000085600000, 0x0000000085600000, 0x0000000085700000|  0%| F|  |TAMS 0x0000000085600000, 0x0000000085600000| Untracked 
|  13|0x0000000085700000, 0x0000000085700000, 0x0000000085800000|  0%| F|  |TAMS 0x0000000085700000, 0x0000000085700000| Untracked 
|  14|0x0000000085800000, 0x0000000085800000, 0x0000000085900000|  0%| F|  |TAMS 0x0000000085800000, 0x0000000085800000| Untracked 
|  15|0x0000000085900000, 0x0000000085900000, 0x0000000085a00000|  0%| F|  |TAMS 0x0000000085900000, 0x0000000085900000| Untracked 
|  16|0x0000000085a00000, 0x0000000085a00000, 0x0000000085b00000|  0%| F|  |TAMS 0x0000000085a00000, 0x0000000085a00000| Untracked 
|  17|0x0000000085b00000, 0x0000000085b00000, 0x0000000085c00000|  0%| F|  |TAMS 0x0000000085b00000, 0x0000000085b00000| Untracked 
|  18|0x0000000085c00000, 0x0000000085c00000, 0x0000000085d00000|  0%| F|  |TAMS 0x0000000085c00000, 0x0000000085c00000| Untracked 
|  19|0x0000000085d00000, 0x0000000085d00000, 0x0000000085e00000|  0%| F|  |TAMS 0x0000000085d00000, 0x0000000085d00000| Untracked 
|  20|0x0000000085e00000, 0x0000000085e00000, 0x0000000085f00000|  0%| F|  |TAMS 0x0000000085e00000, 0x0000000085e00000| Untracked 
|  21|0x0000000085f00000, 0x0000000085f00000, 0x0000000086000000|  0%| F|  |TAMS 0x0000000085f00000, 0x0000000085f00000| Untracked 
|  22|0x0000000086000000, 0x0000000086000000, 0x0000000086100000|  0%| F|  |TAMS 0x0000000086000000, 0x0000000086000000| Untracked 
|  23|0x0000000086100000, 0x0000000086100000, 0x0000000086200000|  0%| F|  |TAMS 0x0000000086100000, 0x0000000086100000| Untracked 
|  24|0x0000000086200000, 0x0000000086200000, 0x0000000086300000|  0%| F|  |TAMS 0x0000000086200000, 0x0000000086200000| Untracked 
|  25|0x0000000086300000, 0x0000000086300000, 0x0000000086400000|  0%| F|  |TAMS 0x0000000086300000, 0x0000000086300000| Untracked 
|  26|0x0000000086400000, 0x0000000086400000, 0x0000000086500000|  0%| F|  |TAMS 0x0000000086400000, 0x0000000086400000| Untracked 
|  27|0x0000000086500000, 0x0000000086500000, 0x0000000086600000|  0%| F|  |TAMS 0x0000000086500000, 0x0000000086500000| Untracked 
|  28|0x0000000086600000, 0x0000000086600000, 0x0000000086700000|  0%| F|  |TAMS 0x0000000086600000, 0x0000000086600000| Untracked 
|  29|0x0000000086700000, 0x0000000086700000, 0x0000000086800000|  0%| F|  |TAMS 0x0000000086700000, 0x0000000086700000| Untracked 
|  30|0x0000000086800000, 0x0000000086800000, 0x0000000086900000|  0%| F|  |TAMS 0x0000000086800000, 0x0000000086800000| Untracked 
|  31|0x0000000086900000, 0x0000000086900000, 0x0000000086a00000|  0%| F|  |TAMS 0x0000000086900000, 0x0000000086900000| Untracked 
|  32|0x0000000086a00000, 0x0000000086a00000, 0x0000000086b00000|  0%| F|  |TAMS 0x0000000086a00000, 0x0000000086a00000| Untracked 
|  33|0x0000000086b00000, 0x0000000086b00000, 0x0000000086c00000|  0%| F|  |TAMS 0x0000000086b00000, 0x0000000086b00000| Untracked 
|  34|0x0000000086c00000, 0x0000000086c00000, 0x0000000086d00000|  0%| F|  |TAMS 0x0000000086c00000, 0x0000000086c00000| Untracked 
|  35|0x0000000086d00000, 0x0000000086d00000, 0x0000000086e00000|  0%| F|  |TAMS 0x0000000086d00000, 0x0000000086d00000| Untracked 
|  36|0x0000000086e00000, 0x0000000086e00000, 0x0000000086f00000|  0%| F|  |TAMS 0x0000000086e00000, 0x0000000086e00000| Untracked 
|  37|0x0000000086f00000, 0x0000000086f00000, 0x0000000087000000|  0%| F|  |TAMS 0x0000000086f00000, 0x0000000086f00000| Untracked 
|  80|0x0000000089a00000, 0x0000000089a8f680, 0x0000000089b00000| 56%| S|CS|TAMS 0x0000000089a00000, 0x0000000089a00000| Complete 
|  81|0x0000000089b00000, 0x0000000089c00000, 0x0000000089c00000|100%| S|CS|TAMS 0x0000000089b00000, 0x0000000089b00000| Complete 
|  82|0x0000000089c00000, 0x0000000089d00000, 0x0000000089d00000|100%| S|CS|TAMS 0x0000000089c00000, 0x0000000089c00000| Complete 
|  83|0x0000000089d00000, 0x0000000089e00000, 0x0000000089e00000|100%| S|CS|TAMS 0x0000000089d00000, 0x0000000089d00000| Complete 
|  84|0x0000000089e00000, 0x0000000089f00000, 0x0000000089f00000|100%| S|CS|TAMS 0x0000000089e00000, 0x0000000089e00000| Complete 
|  85|0x0000000089f00000, 0x000000008a000000, 0x000000008a000000|100%| S|CS|TAMS 0x0000000089f00000, 0x0000000089f00000| Complete 
|  86|0x000000008a000000, 0x000000008a100000, 0x000000008a100000|100%| S|CS|TAMS 0x000000008a000000, 0x000000008a000000| Complete 
|  87|0x000000008a100000, 0x000000008a200000, 0x000000008a200000|100%| S|CS|TAMS 0x000000008a100000, 0x000000008a100000| Complete 
| 123|0x000000008c500000, 0x000000008c599d98, 0x000000008c600000| 60%| E|  |TAMS 0x000000008c500000, 0x000000008c500000| Complete 

Card table byte_map: [0x00000240bf9b0000,0x00000240bfd90000] _byte_map_base: 0x00000240bf58b000

Marking Bits (Prev, Next): (CMBitMap*) 0x00000240a7bd7568, (CMBitMap*) 0x00000240a7bd7528
 Prev Bits: [0x00000240c2050000, 0x00000240c3f28000)
 Next Bits: [0x00000240c0170000, 0x00000240c2048000)

Polling page: 0x00000240a6310000

Metaspace:

Usage:
  Non-class:     12.30 MB capacity,    12.01 MB ( 98%) used,   247.63 KB (  2%) free+waste,    44.81 KB ( <1%) overhead. 
      Class:      1.94 MB capacity,     1.75 MB ( 90%) used,   169.23 KB (  9%) free+waste,    23.88 KB (  1%) overhead. 
       Both:     14.24 MB capacity,    13.76 MB ( 97%) used,   416.85 KB (  3%) free+waste,    68.69 KB ( <1%) overhead. 

Virtual space:
  Non-class space:       20.00 MB reserved,      12.50 MB ( 63%) committed 
      Class space:        1.00 GB reserved,       2.00 MB ( <1%) committed 
             Both:        1.02 GB reserved,      14.50 MB (  1%) committed 

Chunk freelists:
   Non-Class:  2.13 KB
       Class:  3.63 KB
        Both:  5.75 KB

CodeHeap 'non-profiled nmethods': size=120064Kb used=593Kb max_used=593Kb free=119470Kb
 bounds [0x00000240b7a70000, 0x00000240b7ce0000, 0x00000240befb0000]
CodeHeap 'profiled nmethods': size=120000Kb used=3179Kb max_used=3179Kb free=116820Kb
 bounds [0x00000240b0540000, 0x00000240b0860000, 0x00000240b7a70000]
CodeHeap 'non-nmethods': size=5696Kb used=1278Kb max_used=1290Kb free=4417Kb
 bounds [0x00000240affb0000, 0x00000240b0220000, 0x00000240b0540000]
 total_blobs=2538 nmethods=1576 adapters=570
 compilation: enabled
              stopped_count=0, restarted_count=0
 full_count=0

Compilation events (10 events):
Event: 2.790 Thread 0x00000240c6541000 nmethod 1515 0x00000240b0842b90 code [0x00000240b0842e00, 0x00000240b0843c10]
Event: 2.790 Thread 0x00000240c6541000 1516       3       java.lang.Byte::<init> (10 bytes)
Event: 2.790 Thread 0x00000240c6541000 nmethod 1516 0x00000240b0843f90 code [0x00000240b0844160, 0x00000240b0844398]
Event: 2.792 Thread 0x00000240c6541000 1518       1       java.util.concurrent.CopyOnWriteArrayList::getArray (5 bytes)
Event: 2.792 Thread 0x00000240c6541000 nmethod 1518 0x00000240b7b01610 code [0x00000240b7b017c0, 0x00000240b7b018f8]
Event: 2.793 Thread 0x00000240c653c000 1519       4       java.util.Properties$LineReader::readLine (585 bytes)
Event: 2.803 Thread 0x00000240c6541000 1521       3       com.sun.javafx.css.BitSet::containsAll (103 bytes)
Event: 2.803 Thread 0x00000240c6541000 nmethod 1521 0x00000240b0844490 code [0x00000240b0844680, 0x00000240b0844c38]
Event: 2.803 Thread 0x00000240c6541000 1520       3       com.sun.javafx.css.StyleClassSet::containsAll (6 bytes)
Event: 2.804 Thread 0x00000240c6541000 nmethod 1520 0x00000240b0844e10 code [0x00000240b0844fe0, 0x00000240b0845190]

GC Heap History (2 events):
Event: 0.921 GC heap before
{Heap before GC invocations=0 (full 0):
 garbage-first heap   total 126976K, used 13312K [0x0000000084a00000, 0x0000000100000000)
  region size 1024K, 14 young (14336K), 0 survivors (0K)
 Metaspace       used 3304K, capacity 6009K, committed 6144K, reserved 1056768K
  class space    used 371K, capacity 666K, committed 768K, reserved 1048576K
}
Event: 0.929 GC heap after
{Heap after GC invocations=1 (full 0):
 garbage-first heap   total 126976K, used 3036K [0x0000000084a00000, 0x0000000100000000)
  region size 1024K, 2 young (2048K), 2 survivors (2048K)
 Metaspace       used 3304K, capacity 6009K, committed 6144K, reserved 1056768K
  class space    used 371K, capacity 666K, committed 768K, reserved 1048576K
}

Deoptimization events (10 events):
Event: 2.482 Thread 0x00000240c8197800 Uncommon trap: reason=unstable_if action=reinterpret pc=0x00000240b7aa52d4 method=java.util.HashMap.putVal(ILjava/lang/Object;Ljava/lang/Object;ZZ)Ljava/lang/Object; @ 162 c2
Event: 2.482 Thread 0x00000240c8197800 Uncommon trap: reason=unstable_if action=reinterpret pc=0x00000240b7ae4f84 method=java.util.HashMap.getNode(ILjava/lang/Object;)Ljava/util/HashMap$Node; @ 84 c2
Event: 2.482 Thread 0x00000240c8197800 Uncommon trap: reason=unstable_if action=reinterpret pc=0x00000240b7ad3f64 method=java.util.HashMap.getNode(ILjava/lang/Object;)Ljava/util/HashMap$Node; @ 84 c2
Event: 2.488 Thread 0x00000240c8197800 Uncommon trap: reason=unstable_if action=reinterpret pc=0x00000240b7ae6040 method=java.util.HashMap.resize()[Ljava/util/HashMap$Node; @ 203 c2
Event: 2.660 Thread 0x00000240c8197800 Uncommon trap: reason=bimorphic_or_optimized_type_check action=maybe_recompile pc=0x00000240b7afd8bc method=java.io.DataInputStream.readFully([BII)V @ 34 c2
Event: 2.686 Thread 0x00000240c8197800 Uncommon trap: reason=unstable_if action=reinterpret pc=0x00000240b7af340c method=java.io.ByteArrayInputStream.read()I @ 8 c2
Event: 2.699 Thread 0x00000240c8197800 Uncommon trap: reason=bimorphic_or_optimized_type_check action=maybe_recompile pc=0x00000240b7afd8bc method=java.io.DataInputStream.readFully([BII)V @ 34 c2
Event: 2.709 Thread 0x00000240c8197800 Uncommon trap: reason=bimorphic_or_optimized_type_check action=maybe_recompile pc=0x00000240b7afd8bc method=java.io.DataInputStream.readFully([BII)V @ 34 c2
Event: 2.802 Thread 0x00000240c8197800 Uncommon trap: reason=unstable_if action=reinterpret pc=0x00000240b7afba6c method=java.util.HashMap.hash(Ljava/lang/Object;)I @ 1 c2
Event: 2.802 Thread 0x00000240c8197800 Uncommon trap: reason=unstable_if action=reinterpret pc=0x00000240b7abaf24 method=java.util.HashMap.hash(Ljava/lang/Object;)I @ 1 c2

Classes redefined (0 events):
No events

Internal exceptions (10 events):
Event: 0.948 Thread 0x00000240a7b97000 Exception <a 'java/lang/NoSuchMethodError'{0x000000008c54cdc0}: java.lang.invoke.Invokers$Holder.linkToTargetMethod(Ljava/lang/Object;ILjava/lang/Object;Ljava/lang/Object;)Ljava/lang/Object;> (0x000000008c54cdc0) thrown at [t:/workspace/open/src/hotspot/s
Event: 1.066 Thread 0x00000240c8197800 Exception <a 'java/lang/NoSuchMethodError'{0x000000008c220d40}: java.lang.invoke.DirectMethodHandle$Holder.invokeStaticInit(Ljava/lang/Object;)V> (0x000000008c220d40) thrown at [t:/workspace/open/src/hotspot/share/interpreter/linkResolver.cpp, line 777]
Event: 1.075 Thread 0x00000240a7b97000 Exception <a 'java/lang/NoSuchMethodError'{0x000000008c55c010}: java.lang.invoke.Invokers$Holder.linkToTargetMethod(Ljava/lang/Object;Ljava/lang/Object;Ljava/lang/Object;Ljava/lang/Object;Ljava/lang/Object;Ljava/lang/Object;)Ljava/lang/Object;> (0x0000000
Event: 1.107 Thread 0x00000240c7bcf800 Exception <a 'java/lang/NoSuchMethodError'{0x000000008c1041c0}: java.lang.invoke.DirectMethodHandle$Holder.invokeStatic(Ljava/lang/Object;Ljava/lang/Object;Ljava/lang/Object;Ljava/lang/Object;)V> (0x000000008c1041c0) thrown at [t:/workspace/open/src/hotsp
Event: 2.056 Thread 0x00000240c8197800 Exception <a 'java/lang/NoSuchMethodError'{0x000000008b273c60}: java.lang.invoke.DirectMethodHandle$Holder.invokeStaticInit(Ljava/lang/Object;Ljava/lang/Object;Ljava/lang/Object;Ljava/lang/Object;)Ljava/lang/Object;> (0x000000008b273c60) thrown at [t:/wor
Event: 2.060 Thread 0x00000240c8197800 Exception <a 'java/lang/NullPointerException'{0x000000008b280fa0}> (0x000000008b280fa0) thrown at [t:/workspace/open/src/hotspot/share/interpreter/linkResolver.cpp, line 1356]
Event: 2.068 Thread 0x00000240c8197800 Exception <a 'java/lang/NoSuchMethodError'{0x000000008b29fac8}: java.lang.invoke.DirectMethodHandle$Holder.invokeSpecial(Ljava/lang/Object;Ljava/lang/Object;Ljava/lang/Object;Ljava/lang/Object;Ljava/lang/Object;)V> (0x000000008b29fac8) thrown at [t:/works
Event: 2.528 Thread 0x00000240c8197800 Exception <a 'java/lang/NoSuchMethodError'{0x000000008aab4b90}: java.lang.invoke.DirectMethodHandle$Holder.invokeStaticInit(Ljava/lang/Object;Ljava/lang/Object;)V> (0x000000008aab4b90) thrown at [t:/workspace/open/src/hotspot/share/interpreter/linkResolve
Event: 2.802 Thread 0x00000240c8197800 Implicit null exception at 0x00000240b7afb6a5 to 0x00000240b7afba5a
Event: 2.802 Thread 0x00000240c8197800 Implicit null exception at 0x00000240b7abae88 to 0x00000240b7abaf1a

Events (10 events):
Event: 2.802 Thread 0x00000240c8197800 Uncommon trap: trap_request=0xffffff4d fr.pc=0x00000240b7afba6c relative=0x000000000000040c
Event: 2.802 Thread 0x00000240c8197800 DEOPT PACKING pc=0x00000240b7afba6c sp=0x00000071a79fdb70
Event: 2.802 Thread 0x00000240c8197800 DEOPT UNPACKING pc=0x00000240affd9baf sp=0x00000071a79fdab8 mode 2
Event: 2.802 Thread 0x00000240c8197800 Uncommon trap: trap_request=0xffffff4d fr.pc=0x00000240b7abaf24 relative=0x00000000000000e4
Event: 2.802 Thread 0x00000240c8197800 DEOPT PACKING pc=0x00000240b7abaf24 sp=0x00000071a79fdb70
Event: 2.802 Thread 0x00000240c8197800 DEOPT UNPACKING pc=0x00000240affd9baf sp=0x00000071a79fdab0 mode 2
Event: 2.805 loading class com/sun/javafx/css/CascadingStyle
Event: 2.805 loading class com/sun/javafx/css/CascadingStyle done
Event: 2.806 loading class com/sun/javafx/css/CascadingStyle
Event: 2.806 loading class com/sun/javafx/css/CascadingStyle done


Dynamic libraries:
0x00007ff749810000 - 0x00007ff74981f000 	C:\Program Files\Java\jdk-12.0.2\bin\java.exe
0x00007ffb0b690000 - 0x00007ffb0b885000 	C:\Windows\SYSTEM32\ntdll.dll
0x00007ffb09bf0000 - 0x00007ffb09cad000 	C:\Windows\System32\KERNEL32.DLL
0x00007ffb08e30000 - 0x00007ffb090f9000 	C:\Windows\System32\KERNELBASE.dll
0x00007ffb09210000 - 0x00007ffb09310000 	C:\Windows\System32\ucrtbase.dll
0x00007ffafb6e0000 - 0x00007ffafb6f6000 	C:\Program Files\Java\jdk-12.0.2\bin\VCRUNTIME140.dll
0x00007ffb02c20000 - 0x00007ffb02c38000 	C:\Program Files\Java\jdk-12.0.2\bin\jli.dll
0x00007ffb0a2d0000 - 0x00007ffb0a37c000 	C:\Windows\System32\ADVAPI32.dll
0x00007ffb09940000 - 0x00007ffb099de000 	C:\Windows\System32\msvcrt.dll
0x00007ffb0b5b0000 - 0x00007ffb0b64c000 	C:\Windows\System32\sechost.dll
0x00007ffb0a6c0000 - 0x00007ffb0a7eb000 	C:\Windows\System32\RPCRT4.dll
0x00007ffb0a3e0000 - 0x00007ffb0a580000 	C:\Windows\System32\USER32.dll
0x00007ffb09100000 - 0x00007ffb09122000 	C:\Windows\System32\win32u.dll
0x00007ffb0a7f0000 - 0x00007ffb0a81a000 	C:\Windows\System32\GDI32.dll
0x00007ffb09400000 - 0x00007ffb0950b000 	C:\Windows\System32\gdi32full.dll
0x00007ffafa310000 - 0x00007ffafa5aa000 	C:\Windows\WinSxS\amd64_microsoft.windows.common-controls_6595b64144ccf1df_6.0.19041.844_none_ca00b6081b84eb1d\COMCTL32.dll
0x00007ffb09360000 - 0x00007ffb093fd000 	C:\Windows\System32\msvcp_win.dll
0x00007ffb01ea0000 - 0x00007ffb01eaa000 	C:\Windows\SYSTEM32\VERSION.dll
0x00007ffb09ec0000 - 0x00007ffb09ef0000 	C:\Windows\System32\IMM32.DLL
0x00007ffaf2980000 - 0x00007ffaf2a2a000 	C:\Program Files\Java\jdk-12.0.2\bin\msvcp140.dll
0x00007ffab31f0000 - 0x00007ffab3d67000 	C:\Program Files\Java\jdk-12.0.2\bin\server\jvm.dll
0x00007ffb09ea0000 - 0x00007ffb09ea8000 	C:\Windows\System32\PSAPI.DLL
0x00007ffb065f0000 - 0x00007ffb065f9000 	C:\Windows\SYSTEM32\WSOCK32.dll
0x00007ffafc210000 - 0x00007ffafc237000 	C:\Windows\SYSTEM32\WINMM.dll
0x00007ffb0a580000 - 0x00007ffb0a5eb000 	C:\Windows\System32\WS2_32.dll
0x00007ffb06d30000 - 0x00007ffb06d42000 	C:\Windows\SYSTEM32\kernel.appcore.dll
0x00007ffafb6c0000 - 0x00007ffafb6d1000 	C:\Program Files\Java\jdk-12.0.2\bin\verify.dll
0x00007ffaf5780000 - 0x00007ffaf5964000 	C:\Windows\SYSTEM32\DBGHELP.DLL
0x00007ffaf5750000 - 0x00007ffaf577c000 	C:\Windows\SYSTEM32\dbgcore.DLL
0x00007ffb09510000 - 0x00007ffb09590000 	C:\Windows\System32\bcryptPrimitives.dll
0x00007ffafb500000 - 0x00007ffafb526000 	C:\Program Files\Java\jdk-12.0.2\bin\java.dll
0x00007ffafb680000 - 0x00007ffafb68e000 	C:\Program Files\Java\jdk-12.0.2\bin\instrument.dll
0x00007ffaf80d0000 - 0x00007ffaf80e7000 	C:\Program Files\Java\jdk-12.0.2\bin\zip.dll
0x00007ffb02db0000 - 0x00007ffb02dba000 	C:\Program Files\Java\jdk-12.0.2\bin\jimage.dll
0x00007ffb0a9f0000 - 0x00007ffb0b132000 	C:\Windows\System32\SHELL32.dll
0x00007ffb06f30000 - 0x00007ffb076c0000 	C:\Windows\SYSTEM32\windows.storage.dll
0x00007ffb09f10000 - 0x00007ffb0a265000 	C:\Windows\System32\combase.dll
0x00007ffb08840000 - 0x00007ffb0886c000 	C:\Windows\SYSTEM32\Wldp.dll
0x00007ffb09df0000 - 0x00007ffb09e9e000 	C:\Windows\System32\SHCORE.dll
0x00007ffb0a380000 - 0x00007ffb0a3d5000 	C:\Windows\System32\shlwapi.dll
0x00007ffb08d10000 - 0x00007ffb08d2f000 	C:\Windows\SYSTEM32\profapi.dll
0x00007ffaf7ef0000 - 0x00007ffaf7f09000 	C:\Program Files\Java\jdk-12.0.2\bin\net.dll
0x00007ffaf8fe0000 - 0x00007ffaf91ce000 	C:\Windows\SYSTEM32\urlmon.dll
0x00007ffafc670000 - 0x00007ffafc77c000 	C:\Windows\SYSTEM32\WINHTTP.dll
0x00007ffaf6110000 - 0x00007ffaf63c0000 	C:\Windows\SYSTEM32\iertutil.dll
0x00007ffb085c0000 - 0x00007ffb0862a000 	C:\Windows\system32\mswsock.dll
0x00007ffaf7ea0000 - 0x00007ffaf7eb3000 	C:\Program Files\Java\jdk-12.0.2\bin\nio.dll
0x00007ffaf2960000 - 0x00007ffaf297a000 	C:\Program Files\JetBrains\IntelliJ IDEA Educational Edition 2020.1.1\bin\breakgen64.dll
0x00000240a63b0000 - 0x00000240a63b3000 	C:\Program Files\Java\javafx\javafx-sdk-12.0.2\bin\api-ms-win-core-console-l1-1-0.dll
0x00000240a63c0000 - 0x00000240a63c3000 	C:\Program Files\Java\javafx\javafx-sdk-12.0.2\bin\api-ms-win-core-datetime-l1-1-0.dll
0x00000240c8a70000 - 0x00000240c8a73000 	C:\Program Files\Java\javafx\javafx-sdk-12.0.2\bin\api-ms-win-core-debug-l1-1-0.dll
0x00000240c8a80000 - 0x00000240c8a83000 	C:\Program Files\Java\javafx\javafx-sdk-12.0.2\bin\api-ms-win-core-errorhandling-l1-1-0.dll
0x00000240c8a90000 - 0x00000240c8a94000 	C:\Program Files\Java\javafx\javafx-sdk-12.0.2\bin\api-ms-win-core-file-l1-1-0.dll
0x00000240c8aa0000 - 0x00000240c8aa3000 	C:\Program Files\Java\javafx\javafx-sdk-12.0.2\bin\api-ms-win-core-file-l1-2-0.dll
0x00000240c8ab0000 - 0x00000240c8ab3000 	C:\Program Files\Java\javafx\javafx-sdk-12.0.2\bin\api-ms-win-core-file-l2-1-0.dll
0x00000240c8ac0000 - 0x00000240c8ac3000 	C:\Program Files\Java\javafx\javafx-sdk-12.0.2\bin\api-ms-win-core-handle-l1-1-0.dll
0x00000240c8ad0000 - 0x00000240c8ad3000 	C:\Program Files\Java\javafx\javafx-sdk-12.0.2\bin\api-ms-win-core-heap-l1-1-0.dll
0x00000240c8ae0000 - 0x00000240c8ae3000 	C:\Program Files\Java\javafx\javafx-sdk-12.0.2\bin\api-ms-win-core-interlocked-l1-1-0.dll
0x00000240c8af0000 - 0x00000240c8af3000 	C:\Program Files\Java\javafx\javafx-sdk-12.0.2\bin\api-ms-win-core-libraryloader-l1-1-0.dll
0x00000240c8b00000 - 0x00000240c8b03000 	C:\Program Files\Java\javafx\javafx-sdk-12.0.2\bin\api-ms-win-core-localization-l1-2-0.dll
0x00000240c8b10000 - 0x00000240c8b13000 	C:\Program Files\Java\javafx\javafx-sdk-12.0.2\bin\api-ms-win-core-memory-l1-1-0.dll
0x00000240c8b20000 - 0x00000240c8b23000 	C:\Program Files\Java\javafx\javafx-sdk-12.0.2\bin\api-ms-win-core-namedpipe-l1-1-0.dll
0x00000240c8b30000 - 0x00000240c8b33000 	C:\Program Files\Java\javafx\javafx-sdk-12.0.2\bin\api-ms-win-core-processenvironment-l1-1-0.dll
0x00000240c8b40000 - 0x00000240c8b43000 	C:\Program Files\Java\javafx\javafx-sdk-12.0.2\bin\api-ms-win-core-processthreads-l1-1-0.dll
0x00000240c8da0000 - 0x00000240c8da3000 	C:\Program Files\Java\javafx\javafx-sdk-12.0.2\bin\api-ms-win-core-processthreads-l1-1-1.dll
0x00000240c8db0000 - 0x00000240c8db3000 	C:\Program Files\Java\javafx\javafx-sdk-12.0.2\bin\api-ms-win-core-profile-l1-1-0.dll
0x00000240c8dc0000 - 0x00000240c8dc3000 	C:\Program Files\Java\javafx\javafx-sdk-12.0.2\bin\api-ms-win-core-rtlsupport-l1-1-0.dll
0x00000240c8dd0000 - 0x00000240c8dd3000 	C:\Program Files\Java\javafx\javafx-sdk-12.0.2\bin\api-ms-win-core-string-l1-1-0.dll
0x00000240c8de0000 - 0x00000240c8de3000 	C:\Program Files\Java\javafx\javafx-sdk-12.0.2\bin\api-ms-win-core-synch-l1-1-0.dll
0x00000240c8df0000 - 0x00000240c8df3000 	C:\Program Files\Java\javafx\javafx-sdk-12.0.2\bin\api-ms-win-core-synch-l1-2-0.dll
0x00000240c8e00000 - 0x00000240c8e03000 	C:\Program Files\Java\javafx\javafx-sdk-12.0.2\bin\api-ms-win-core-sysinfo-l1-1-0.dll
0x00000240c8e10000 - 0x00000240c8e13000 	C:\Program Files\Java\javafx\javafx-sdk-12.0.2\bin\api-ms-win-core-timezone-l1-1-0.dll
0x00000240c8e20000 - 0x00000240c8e23000 	C:\Program Files\Java\javafx\javafx-sdk-12.0.2\bin\api-ms-win-core-util-l1-1-0.dll
0x00000240c8e30000 - 0x00000240c8e33000 	C:\Program Files\Java\javafx\javafx-sdk-12.0.2\bin\api-ms-win-crt-conio-l1-1-0.dll
0x00000240c8e40000 - 0x00000240c8e44000 	C:\Program Files\Java\javafx\javafx-sdk-12.0.2\bin\api-ms-win-crt-convert-l1-1-0.dll
0x00000240c8e50000 - 0x00000240c8e53000 	C:\Program Files\Java\javafx\javafx-sdk-12.0.2\bin\api-ms-win-crt-environment-l1-1-0.dll
0x00000240c8e60000 - 0x00000240c8e63000 	C:\Program Files\Java\javafx\javafx-sdk-12.0.2\bin\api-ms-win-crt-filesystem-l1-1-0.dll
0x00000240c8e70000 - 0x00000240c8e73000 	C:\Program Files\Java\javafx\javafx-sdk-12.0.2\bin\api-ms-win-crt-heap-l1-1-0.dll
0x00000240c8c80000 - 0x00000240c8c83000 	C:\Program Files\Java\javafx\javafx-sdk-12.0.2\bin\api-ms-win-crt-locale-l1-1-0.dll
0x00000240c8c90000 - 0x00000240c8c95000 	C:\Program Files\Java\javafx\javafx-sdk-12.0.2\bin\api-ms-win-crt-math-l1-1-0.dll
0x00000240c8ca0000 - 0x00000240c8ca5000 	C:\Program Files\Java\javafx\javafx-sdk-12.0.2\bin\api-ms-win-crt-multibyte-l1-1-0.dll
0x00000240c8cb0000 - 0x00000240c8cc0000 	C:\Program Files\Java\javafx\javafx-sdk-12.0.2\bin\api-ms-win-crt-private-l1-1-0.dll
0x00000240c8cc0000 - 0x00000240c8cc3000 	C:\Program Files\Java\javafx\javafx-sdk-12.0.2\bin\api-ms-win-crt-process-l1-1-0.dll
0x00000240c8cd0000 - 0x00000240c8cd4000 	C:\Program Files\Java\javafx\javafx-sdk-12.0.2\bin\api-ms-win-crt-runtime-l1-1-0.dll
0x00000240c8ce0000 - 0x00000240c8ce4000 	C:\Program Files\Java\javafx\javafx-sdk-12.0.2\bin\api-ms-win-crt-stdio-l1-1-0.dll
0x00000240c8cf0000 - 0x00000240c8cf4000 	C:\Program Files\Java\javafx\javafx-sdk-12.0.2\bin\api-ms-win-crt-string-l1-1-0.dll
0x00000240c8d00000 - 0x00000240c8d03000 	C:\Program Files\Java\javafx\javafx-sdk-12.0.2\bin\api-ms-win-crt-time-l1-1-0.dll
0x00000240c8d10000 - 0x00000240c8d13000 	C:\Program Files\Java\javafx\javafx-sdk-12.0.2\bin\api-ms-win-crt-utility-l1-1-0.dll
0x00007ffae9d20000 - 0x00007ffae9e1a000 	C:\Program Files\Java\javafx\javafx-sdk-12.0.2\bin\ucrtbase.dll
0x00007ffaf2940000 - 0x00007ffaf2955000 	C:\Program Files\Java\javafx\javafx-sdk-12.0.2\bin\vcruntime140.dll
0x00007ffaf2160000 - 0x00007ffaf21fb000 	C:\Program Files\Java\javafx\javafx-sdk-12.0.2\bin\msvcp140.dll
0x00007ffae8670000 - 0x00007ffae86c1000 	C:\Program Files\Java\javafx\javafx-sdk-12.0.2\bin\concrt140.dll
0x00007ffaf2430000 - 0x00007ffaf2453000 	C:\Program Files\Java\javafx\javafx-sdk-12.0.2\bin\prism_d3d.dll
0x00007ffaef990000 - 0x00007ffaefb5f000 	C:\Windows\system32\d3d9.dll
0x00007ffb06970000 - 0x00007ffb0699f000 	C:\Windows\SYSTEM32\dwmapi.dll
0x00007ffb06790000 - 0x00007ffb0682e000 	C:\Windows\system32\uxtheme.dll
0x00007ffae0e90000 - 0x00007ffae0fed000 	C:\Windows\System32\DriverStore\FileRepository\igdlh64.inf_amd64_763182f3860a4408\igdumdim64.dll
0x00007ffb091e0000 - 0x00007ffb09207000 	C:\Windows\System32\bcrypt.dll
0x00007ffaca000000 - 0x00007ffacd906000 	C:\Windows\System32\DriverStore\FileRepository\igdlh64.inf_amd64_763182f3860a4408\igd9dxva64.dll
0x00007ffb09ac0000 - 0x00007ffb09bea000 	C:\Windows\System32\ole32.dll
0x00007ffb0a5f0000 - 0x00007ffb0a6bd000 	C:\Windows\System32\OLEAUT32.dll
0x00007ffb0b140000 - 0x00007ffb0b5a9000 	C:\Windows\System32\SETUPAPI.dll
0x00007ffb09310000 - 0x00007ffb0935e000 	C:\Windows\System32\cfgmgr32.dll
0x00007ffafee10000 - 0x00007ffafefb4000 	C:\Windows\System32\DriverStore\FileRepository\igdlh64.inf_amd64_763182f3860a4408\igdgmm64.dll
0x00007ffae8620000 - 0x00007ffae8665000 	C:\Program Files\Java\javafx\javafx-sdk-12.0.2\bin\glass.dll
0x00007ffb09d10000 - 0x00007ffb09dea000 	C:\Windows\System32\COMDLG32.dll
0x00007ffb0a820000 - 0x00007ffb0a935000 	C:\Windows\System32\MSCTF.dll
0x00007ffaebdd0000 - 0x00007ffaebdf6000 	C:\Windows\System32\DriverStore\FileRepository\igdlh64.inf_amd64_763182f3860a4408\igdinfo64.dll
0x00007ffafc800000 - 0x00007ffafee01000 	C:\Windows\System32\DriverStore\FileRepository\igdlh64.inf_amd64_763182f3860a4408\igc64.dll
0x00007ffb00280000 - 0x00007ffb002bb000 	C:\Windows\SYSTEM32\dxcore.dll
0x00007ffb08300000 - 0x00007ffb083cb000 	C:\Windows\SYSTEM32\DNSAPI.dll
0x00007ffb08260000 - 0x00007ffb0829b000 	C:\Windows\SYSTEM32\IPHLPAPI.DLL
0x00007ffb09930000 - 0x00007ffb09938000 	C:\Windows\System32\NSI.dll
0x00007ffafb0f0000 - 0x00007ffafb0fa000 	C:\Windows\System32\rasadhlp.dll
0x00007ffb00830000 - 0x00007ffb008af000 	C:\Windows\System32\fwpuclnt.dll
0x00007ffaf23d0000 - 0x00007ffaf23fc000 	C:\Program Files\Java\javafx\javafx-sdk-12.0.2\bin\javafx_iio.dll
0x00007ffaf2090000 - 0x00007ffaf20a4000 	C:\Program Files\Java\javafx\javafx-sdk-12.0.2\bin\javafx_font.dll
0x00007ffaf8cf0000 - 0x00007ffaf8f6f000 	C:\Windows\SYSTEM32\dwrite.dll

dbghelp: loaded successfully - version: 4.0.5 - missing functions: none
symbol engine: initialized successfully - sym options: 0x614 - pdb path: .;C:\Program Files\Java\jdk-12.0.2\bin;C:\Windows\SYSTEM32;C:\Windows\WinSxS\amd64_microsoft.windows.common-controls_6595b64144ccf1df_6.0.19041.844_none_ca00b6081b84eb1d;C:\Program Files\Java\jdk-12.0.2\bin\server;C:\Program Files\JetBrains\IntelliJ IDEA Educational Edition 2020.1.1\bin;C:\Program Files\Java\javafx\javafx-sdk-12.0.2\bin;C:\Windows\System32\DriverStore\FileRepository\igdlh64.inf_amd64_763182f3860a4408

VM Arguments:
jvm_args: --module-path=C:\Program Files\Java\javafx\javafx-sdk-12.0.2\lib --add-modules=javafx.controls,javafx.fxml --add-modules=javafx.base,javafx.graphics --add-reads=javafx.base=ALL-UNNAMED --add-reads=javafx.graphics=ALL-UNNAMED -javaagent:C:\Program Files\JetBrains\IntelliJ IDEA Educational Edition 2020.1.1\lib\idea_rt.jar=54553:C:\Program Files\JetBrains\IntelliJ IDEA Educational Edition 2020.1.1\bin -Dfile.encoding=UTF-8 
java_command: sample.Main
java_class_path (initial): C:\Users\Sos\IdeaProjects\Gl\out\production\Gl;C:\Program Files\Java\javafx\javafx-sdk-12.0.2\lib\src.zip;C:\Program Files\Java\javafx\javafx-sdk-12.0.2\lib\javafx-swt.jar;C:\Program Files\Java\javafx\javafx-sdk-12.0.2\lib\javafx.web.jar;C:\Program Files\Java\javafx\javafx-sdk-12.0.2\lib\javafx.base.jar;C:\Program Files\Java\javafx\javafx-sdk-12.0.2\lib\javafx.fxml.jar;C:\Program Files\Java\javafx\javafx-sdk-12.0.2\lib\javafx.media.jar;C:\Program Files\Java\javafx\javafx-sdk-12.0.2\lib\javafx.swing.jar;C:\Program Files\Java\javafx\javafx-sdk-12.0.2\lib\javafx.controls.jar;C:\Program Files\Java\javafx\javafx-sdk-12.0.2\lib\javafx.graphics.jar;C:\Program Files\Java\jfoenix-9.0.10.jar;C:\Program Files\Java\mysql-connector-java-5.1.49\mysql-connector-java-5.1.49-bin.jar;C:\Program Files\Java\mysql-connector-java-5.1.49\mysql-connector-java-5.1.49.jar
Launcher Type: SUN_STANDARD

[Global flags]
     intx CICompilerCount                          = 3                                         {product} {ergonomic}
     uint ConcGCThreads                            = 1                                         {product} {ergonomic}
     uint G1ConcRefinementThreads                  = 4                                         {product} {ergonomic}
   size_t G1HeapRegionSize                         = 1048576                                   {product} {ergonomic}
    uintx GCDrainStackTargetSize                   = 64                                        {product} {ergonomic}
   size_t InitialHeapSize                          = 130023424                                 {product} {ergonomic}
   size_t MarkStackSize                            = 4194304                                   {product} {ergonomic}
   size_t MaxHeapSize                              = 2069889024                                {product} {ergonomic}
   size_t MaxNewSize                               = 1241513984                                {product} {ergonomic}
   size_t MinHeapDeltaBytes                        = 1048576                                   {product} {ergonomic}
    uintx NonNMethodCodeHeapSize                   = 5830732                                {pd product} {ergonomic}
    uintx NonProfiledCodeHeapSize                  = 122913754                              {pd product} {ergonomic}
    uintx ProfiledCodeHeapSize                     = 122913754                              {pd product} {ergonomic}
    uintx ReservedCodeCacheSize                    = 251658240                              {pd product} {ergonomic}
     bool SegmentedCodeCache                       = true                                      {product} {ergonomic}
     bool UseCompressedClassPointers               = true                                 {lp64_product} {ergonomic}
     bool UseCompressedOops                        = true                                 {lp64_product} {ergonomic}
     bool UseG1GC                                  = true                                      {product} {ergonomic}
     bool UseLargePagesIndividualAllocation        = false                                  {pd product} {ergonomic}

Logging:
Log output configuration:
 #0: stdout all=warning uptime,level,tags
 #1: stderr all=off uptime,level,tags

Environment Variables:
PATH=C:\app\Sos\product\11.2.0\dbhome_1\bin;C:\python\Scripts\;C:\python\;C:\Program Files\Python38\Scripts\;C:\Program Files\Python38\;C:\Program Files (x86)\Common Files\Oracle\Java\javapath;C:\Windows\system32;C:\Windows;C:\Windows\System32\Wbem;C:\Windows\System32\WindowsPowerShell\v1.0\;C:\Windows\System32\OpenSSH\;C:\Program Files\Java\jdk-11.0.7\bin;C:\Program Files\Java\jdk-12.0.2\bin;C:\Program Files\Java\jre1.8.0_271\bin;C:\Program Files (x86)\Brackets\command;C:\Bison\bin;C:\Program Files (x86)\GnuWin32\bin;C:\MinGW\bin;C:\MinGW\lib;C:\Program Files\MySQL\MySQL Shell 8.0\bin\;C:\Users\Sos\AppData\Local\Microsoft\WindowsApps;;C:\Program Files\JetBrains\PyCharm Edu 2020.2.2\bin;;C:\Users\Sos\AppData\Local\Programs\Microsoft VS Code\bin;C:\Program Files\JetBrains\IntelliJ IDEA Educational Edition 2020.1.1\bin;
USERNAME=Sos
OS=Windows_NT
PROCESSOR_IDENTIFIER=Intel64 Family 6 Model 78 Stepping 3, GenuineIntel



---------------  S Y S T E M  ---------------

OS: Windows 10 , 64 bit Build 19041 (10.0.19041.804)

CPU:total 4 (initial active 4) (2 cores per cpu, 2 threads per core) family 6 model 78 stepping 3, cmov, cx8, fxsr, mmx, sse, sse2, sse3, ssse3, sse4.1, sse4.2, popcnt, avx, avx2, aes, clmul, erms, 3dnowpref, lzcnt, ht, tsc, tscinvbit, bmi1, bmi2, adx, fma

Memory: 4k page, system-wide physical 7893M (862M free)
TotalPageFile size 32469M (AvailPageFile size 79M)
current process WorkingSet (physical memory assigned to process): 126M, peak: 158M
current process commit charge ("private bytes"): 187M, peak: 265M

vm_info: Java HotSpot(TM) 64-Bit Server VM (12.0.2+10) for windows-amd64 JRE (12.0.2+10), built on Jul 16 2019 01:56:17 by "mach5one" with MS VC++ 15.5 (VS2017)

END.
