#
# There is insufficient memory for the Java Runtime Environment to continue.
# Native memory allocation (malloc) failed to allocate 32744 bytes for ChunkPool::allocate
# Possible reasons:
#   The system is out of physical RAM or swap space
#   The process is running with CompressedOops enabled, and the Java Heap may be blocking the growth of the native heap
# Possible solutions:
#   Reduce memory load on the system
#   Increase physical memory or swap space
#   Check if swap backing store is full
#   Decrease Java heap size (-Xmx/-Xms)
#   Decrease number of Java threads
#   Decrease Java thread stack sizes (-Xss)
#   Set larger code cache with -XX:ReservedCodeCacheSize=
#   JVM is running with Unscaled Compressed Oops mode in which the Java heap is
#     placed in the first 4GB address space. The Java Heap base address is the
#     maximum limit for the native heap growth. Please use -XX:HeapBaseMinAddress
#     to set the Java Heap base and to place the Java Heap above 4GB virtual address.
# This output file may be truncated or incomplete.
#
#  Out of Memory Error (t:/workspace/open/src/hotspot/share/memory/arena.cpp:81), pid=137232, tid=144556
#
# JRE version: Java(TM) SE Runtime Environment (12.0.2+10) (build 12.0.2+10)
# Java VM: Java HotSpot(TM) 64-Bit Server VM (12.0.2+10, mixed mode, sharing, tiered, compressed oops, g1 gc, windows-amd64)
# No core dump will be written. Minidumps are not enabled by default on client versions of Windows
#

---------------  S U M M A R Y ------------

Command Line: --module-path=C:\Program Files\Java\javafx\javafx-sdk-12.0.2\lib --add-modules=javafx.controls,javafx.fxml --add-modules=javafx.base,javafx.graphics --add-reads=javafx.base=ALL-UNNAMED --add-reads=javafx.graphics=ALL-UNNAMED -javaagent:C:\Program Files\JetBrains\IntelliJ IDEA Educational Edition 2020.1.1\lib\idea_rt.jar=54543:C:\Program Files\JetBrains\IntelliJ IDEA Educational Edition 2020.1.1\bin -Dfile.encoding=UTF-8 sample.Main

Host: Intel(R) Core(TM) i5-6200U CPU @ 2.30GHz, 4 cores, 7G,  Windows 10 , 64 bit Build 19041 (10.0.19041.804)
Time: Sun Apr  4 01:34:13 2021 Afr. centrale Ouest elapsed time: 0 seconds (0d 0h 0m 0s)

---------------  T H R E A D  ---------------

Current thread (0x000002582e369000):  VMThread "VM Thread" [stack: 0x000000e380600000,0x000000e380700000] [id=144556]

Stack: [0x000000e380600000,0x000000e380700000]
[error occurred during error reporting (printing stack bounds), id 0xc0000005, EXCEPTION_ACCESS_VIOLATION (0xc0000005) at pc=0x0000025817dc0bad]

Native frames: (J=compiled Java code, j=interpreted, Vv=VM code, C=native code)
V  [jvm.dll+0x63aa2a]
V  [jvm.dll+0x78ce1e]
V  [jvm.dll+0x78e4c1]
V  [jvm.dll+0x78ea75]
V  [jvm.dll+0x78ea2b]
V  [jvm.dll+0x63a134]
V  [jvm.dll+0x63a4f8]
C  [ntdll.dll+0xa1f6f]
C  [ntdll.dll+0x51454]
C  [ntdll.dll+0xa0a9e]
C  0x0000025817dc0bad

VM_Operation (0x000000e3800fd010): RevokeBias, mode: safepoint, requested by thread 0x000002580e1d7000


---------------  P R O C E S S  ---------------

Threads class SMR info:
_java_thread_list=0x000002582ef040e0, length=12, elements={
0x000002580e1d7000, 0x000002582e36b000, 0x000002582e36c800, 0x000002582e382000,
0x000002582e383000, 0x000002582e385000, 0x000002582e3a2800, 0x000002582ed40800,
0x000002582edf7800, 0x000002582ef0a800, 0x000002582f2c2800, 0x000002582f4d3800
}

Java Threads: ( => current thread )
  0x000002580e1d7000 JavaThread "main" [_thread_blocked, id=143512, stack(0x000000e380000000,0x000000e380100000)]
  0x000002582e36b000 JavaThread "Reference Handler" daemon [_thread_blocked, id=124288, stack(0x000000e380700000,0x000000e380800000)]
  0x000002582e36c800 JavaThread "Finalizer" daemon [_thread_blocked, id=137188, stack(0x000000e380800000,0x000000e380900000)]
  0x000002582e382000 JavaThread "Signal Dispatcher" daemon [_thread_blocked, id=140700, stack(0x000000e380900000,0x000000e380a00000)]
  0x000002582e383000 JavaThread "Attach Listener" daemon [_thread_blocked, id=109156, stack(0x000000e380a00000,0x000000e380b00000)]
  0x000002582e385000 JavaThread "C2 CompilerThread0" daemon [_thread_blocked, id=86296, stack(0x000000e380b00000,0x000000e380c00000)]
  0x000002582e3a2800 JavaThread "C1 CompilerThread0" daemon [_thread_blocked, id=143408, stack(0x000000e380c00000,0x000000e380d00000)]
  0x000002582ed40800 JavaThread "Sweeper thread" daemon [_thread_blocked, id=143268, stack(0x000000e380d00000,0x000000e380e00000)]
  0x000002582edf7800 JavaThread "Common-Cleaner" daemon [_thread_blocked, id=140988, stack(0x000000e380e00000,0x000000e380f00000)]
  0x000002582ef0a800 JavaThread "C2 CompilerThread1" daemon [_thread_in_native, id=139132, stack(0x000000e380f00000,0x000000e381000000)]
  0x000002582f2c2800 JavaThread "Monitor Ctrl-Break" daemon [_thread_blocked, id=145084, stack(0x000000e381000000,0x000000e381100000)]
  0x000002582f4d3800 JavaThread "Service Thread" daemon [_thread_blocked, id=137964, stack(0x000000e381100000,0x000000e381200000)]

Other Threads:
=>0x000002582e369000 VMThread "VM Thread" [stack: 0x000000e380600000,0x000000e380700000] [id=144556]
  0x000002582f92e800 WatcherThread [stack: 0x000000e381200000,0x000000e381300000] [id=135264]
  0x000002580e217000 GCTaskThread "GC Thread#0" [stack: 0x000000e380100000,0x000000e380200000] [id=1156]
  0x000002580e224800 ConcurrentGCThread "G1 Main Marker" [stack: 0x000000e380200000,0x000000e380300000] [id=139512]
  0x000002580e226000 ConcurrentGCThread "G1 Conc#0" [stack: 0x000000e380300000,0x000000e380400000] [id=144640]
  0x000002580e2a3000 ConcurrentGCThread "G1 Refine#0" [stack: 0x000000e380400000,0x000000e380500000] [id=138280]
  0x000002580e2a4000 ConcurrentGCThread "G1 Young RemSet Sampling" [stack: 0x000000e380500000,0x000000e380600000] [id=144776]

Threads with active compile tasks:
C1 CompilerThread0   464       3       java.lang.invoke.MemberName::isResolved (13 bytes)
C2 CompilerThread1   315       4       java.util.stream.ReferencePipeline$3$1::accept (23 bytes)

VM state:at safepoint (normal execution)

VM Mutex/Monitor currently owned by a thread:  ([mutex/lock_event])
[0x000002580e1d36e0] Threads_lock - owner thread: 0x000002582e369000

Heap address: 0x0000000084a00000, size: 1974 MB, Compressed Oops mode: 32-bit
Narrow klass base: 0x0000000800000000, Narrow klass shift: 3
Compressed class space size: 1073741824 Address: 0x0000000801190000

Heap:
 garbage-first heap   total 126976K, used 7168K [0x0000000084a00000, 0x0000000100000000)
  region size 1024K, 9 young (9216K), 0 survivors (0K)
 Metaspace       used 1422K, capacity 4716K, committed 4864K, reserved 1056768K
  class space    used 150K, capacity 443K, committed 512K, reserved 1048576K
Heap Regions: E=young(eden), S=young(survivor), O=old, HS=humongous(starts), HC=humongous(continues), CS=collection set, F=free, A=archive, TAMS=top-at-mark-start (previous, next)
|   0|0x0000000084a00000, 0x0000000084a00000, 0x0000000084b00000|  0%| F|  |TAMS 0x0000000084a00000, 0x0000000084a00000| Untracked 
|   1|0x0000000084b00000, 0x0000000084b00000, 0x0000000084c00000|  0%| F|  |TAMS 0x0000000084b00000, 0x0000000084b00000| Untracked 
|   2|0x0000000084c00000, 0x0000000084c00000, 0x0000000084d00000|  0%| F|  |TAMS 0x0000000084c00000, 0x0000000084c00000| Untracked 
|   3|0x0000000084d00000, 0x0000000084d00000, 0x0000000084e00000|  0%| F|  |TAMS 0x0000000084d00000, 0x0000000084d00000| Untracked 
|   4|0x0000000084e00000, 0x0000000084e00000, 0x0000000084f00000|  0%| F|  |TAMS 0x0000000084e00000, 0x0000000084e00000| Untracked 
|   5|0x0000000084f00000, 0x0000000084f00000, 0x0000000085000000|  0%| F|  |TAMS 0x0000000084f00000, 0x0000000084f00000| Untracked 
|   6|0x0000000085000000, 0x0000000085000000, 0x0000000085100000|  0%| F|  |TAMS 0x0000000085000000, 0x0000000085000000| Untracked 
|   7|0x0000000085100000, 0x0000000085100000, 0x0000000085200000|  0%| F|  |TAMS 0x0000000085100000, 0x0000000085100000| Untracked 
|   8|0x0000000085200000, 0x0000000085200000, 0x0000000085300000|  0%| F|  |TAMS 0x0000000085200000, 0x0000000085200000| Untracked 
|   9|0x0000000085300000, 0x0000000085300000, 0x0000000085400000|  0%| F|  |TAMS 0x0000000085300000, 0x0000000085300000| Untracked 
|  10|0x0000000085400000, 0x0000000085400000, 0x0000000085500000|  0%| F|  |TAMS 0x0000000085400000, 0x0000000085400000| Untracked 
|  11|0x0000000085500000, 0x0000000085500000, 0x0000000085600000|  0%| F|  |TAMS 0x0000000085500000, 0x0000000085500000| Untracked 
|  12|0x0000000085600000, 0x0000000085600000, 0x0000000085700000|  0%| F|  |TAMS 0x0000000085600000, 0x0000000085600000| Untracked 
|  13|0x0000000085700000, 0x0000000085700000, 0x0000000085800000|  0%| F|  |TAMS 0x0000000085700000, 0x0000000085700000| Untracked 
|  14|0x0000000085800000, 0x0000000085800000, 0x0000000085900000|  0%| F|  |TAMS 0x0000000085800000, 0x0000000085800000| Untracked 
|  15|0x0000000085900000, 0x0000000085900000, 0x0000000085a00000|  0%| F|  |TAMS 0x0000000085900000, 0x0000000085900000| Untracked 
|  16|0x0000000085a00000, 0x0000000085a00000, 0x0000000085b00000|  0%| F|  |TAMS 0x0000000085a00000, 0x0000000085a00000| Untracked 
|  17|0x0000000085b00000, 0x0000000085b00000, 0x0000000085c00000|  0%| F|  |TAMS 0x0000000085b00000, 0x0000000085b00000| Untracked 
|  18|0x0000000085c00000, 0x0000000085c00000, 0x0000000085d00000|  0%| F|  |TAMS 0x0000000085c00000, 0x0000000085c00000| Untracked 
|  19|0x0000000085d00000, 0x0000000085d00000, 0x0000000085e00000|  0%| F|  |TAMS 0x0000000085d00000, 0x0000000085d00000| Untracked 
|  20|0x0000000085e00000, 0x0000000085e00000, 0x0000000085f00000|  0%| F|  |TAMS 0x0000000085e00000, 0x0000000085e00000| Untracked 
|  21|0x0000000085f00000, 0x0000000085f00000, 0x0000000086000000|  0%| F|  |TAMS 0x0000000085f00000, 0x0000000085f00000| Untracked 
|  22|0x0000000086000000, 0x0000000086000000, 0x0000000086100000|  0%| F|  |TAMS 0x0000000086000000, 0x0000000086000000| Untracked 
|  23|0x0000000086100000, 0x0000000086100000, 0x0000000086200000|  0%| F|  |TAMS 0x0000000086100000, 0x0000000086100000| Untracked 
|  24|0x0000000086200000, 0x0000000086200000, 0x0000000086300000|  0%| F|  |TAMS 0x0000000086200000, 0x0000000086200000| Untracked 
|  25|0x0000000086300000, 0x0000000086300000, 0x0000000086400000|  0%| F|  |TAMS 0x0000000086300000, 0x0000000086300000| Untracked 
|  26|0x0000000086400000, 0x0000000086400000, 0x0000000086500000|  0%| F|  |TAMS 0x0000000086400000, 0x0000000086400000| Untracked 
|  27|0x0000000086500000, 0x0000000086500000, 0x0000000086600000|  0%| F|  |TAMS 0x0000000086500000, 0x0000000086500000| Untracked 
|  28|0x0000000086600000, 0x0000000086600000, 0x0000000086700000|  0%| F|  |TAMS 0x0000000086600000, 0x0000000086600000| Untracked 
|  29|0x0000000086700000, 0x0000000086700000, 0x0000000086800000|  0%| F|  |TAMS 0x0000000086700000, 0x0000000086700000| Untracked 
|  30|0x0000000086800000, 0x0000000086800000, 0x0000000086900000|  0%| F|  |TAMS 0x0000000086800000, 0x0000000086800000| Untracked 
|  31|0x0000000086900000, 0x0000000086900000, 0x0000000086a00000|  0%| F|  |TAMS 0x0000000086900000, 0x0000000086900000| Untracked 
|  32|0x0000000086a00000, 0x0000000086a00000, 0x0000000086b00000|  0%| F|  |TAMS 0x0000000086a00000, 0x0000000086a00000| Untracked 
|  33|0x0000000086b00000, 0x0000000086b00000, 0x0000000086c00000|  0%| F|  |TAMS 0x0000000086b00000, 0x0000000086b00000| Untracked 
|  34|0x0000000086c00000, 0x0000000086c00000, 0x0000000086d00000|  0%| F|  |TAMS 0x0000000086c00000, 0x0000000086c00000| Untracked 
|  35|0x0000000086d00000, 0x0000000086d00000, 0x0000000086e00000|  0%| F|  |TAMS 0x0000000086d00000, 0x0000000086d00000| Untracked 
|  36|0x0000000086e00000, 0x0000000086e00000, 0x0000000086f00000|  0%| F|  |TAMS 0x0000000086e00000, 0x0000000086e00000| Untracked 
|  37|0x0000000086f00000, 0x0000000086f00000, 0x0000000087000000|  0%| F|  |TAMS 0x0000000086f00000, 0x0000000086f00000| Untracked 
|  38|0x0000000087000000, 0x0000000087000000, 0x0000000087100000|  0%| F|  |TAMS 0x0000000087000000, 0x0000000087000000| Untracked 
|  39|0x0000000087100000, 0x0000000087100000, 0x0000000087200000|  0%| F|  |TAMS 0x0000000087100000, 0x0000000087100000| Untracked 
|  40|0x0000000087200000, 0x0000000087200000, 0x0000000087300000|  0%| F|  |TAMS 0x0000000087200000, 0x0000000087200000| Untracked 
|  41|0x0000000087300000, 0x0000000087300000, 0x0000000087400000|  0%| F|  |TAMS 0x0000000087300000, 0x0000000087300000| Untracked 
|  42|0x0000000087400000, 0x0000000087400000, 0x0000000087500000|  0%| F|  |TAMS 0x0000000087400000, 0x0000000087400000| Untracked 
|  43|0x0000000087500000, 0x0000000087500000, 0x0000000087600000|  0%| F|  |TAMS 0x0000000087500000, 0x0000000087500000| Untracked 
|  44|0x0000000087600000, 0x0000000087600000, 0x0000000087700000|  0%| F|  |TAMS 0x0000000087600000, 0x0000000087600000| Untracked 
|  45|0x0000000087700000, 0x0000000087700000, 0x0000000087800000|  0%| F|  |TAMS 0x0000000087700000, 0x0000000087700000| Untracked 
|  46|0x0000000087800000, 0x0000000087800000, 0x0000000087900000|  0%| F|  |TAMS 0x0000000087800000, 0x0000000087800000| Untracked 
|  47|0x0000000087900000, 0x0000000087900000, 0x0000000087a00000|  0%| F|  |TAMS 0x0000000087900000, 0x0000000087900000| Untracked 
|  48|0x0000000087a00000, 0x0000000087a00000, 0x0000000087b00000|  0%| F|  |TAMS 0x0000000087a00000, 0x0000000087a00000| Untracked 
|  49|0x0000000087b00000, 0x0000000087b00000, 0x0000000087c00000|  0%| F|  |TAMS 0x0000000087b00000, 0x0000000087b00000| Untracked 
|  50|0x0000000087c00000, 0x0000000087c00000, 0x0000000087d00000|  0%| F|  |TAMS 0x0000000087c00000, 0x0000000087c00000| Untracked 
|  51|0x0000000087d00000, 0x0000000087d00000, 0x0000000087e00000|  0%| F|  |TAMS 0x0000000087d00000, 0x0000000087d00000| Untracked 
|  52|0x0000000087e00000, 0x0000000087e00000, 0x0000000087f00000|  0%| F|  |TAMS 0x0000000087e00000, 0x0000000087e00000| Untracked 
|  53|0x0000000087f00000, 0x0000000087f00000, 0x0000000088000000|  0%| F|  |TAMS 0x0000000087f00000, 0x0000000087f00000| Untracked 
|  54|0x0000000088000000, 0x0000000088000000, 0x0000000088100000|  0%| F|  |TAMS 0x0000000088000000, 0x0000000088000000| Untracked 
|  55|0x0000000088100000, 0x0000000088100000, 0x0000000088200000|  0%| F|  |TAMS 0x0000000088100000, 0x0000000088100000| Untracked 
|  56|0x0000000088200000, 0x0000000088200000, 0x0000000088300000|  0%| F|  |TAMS 0x0000000088200000, 0x0000000088200000| Untracked 
|  57|0x0000000088300000, 0x0000000088300000, 0x0000000088400000|  0%| F|  |TAMS 0x0000000088300000, 0x0000000088300000| Untracked 
|  58|0x0000000088400000, 0x0000000088400000, 0x0000000088500000|  0%| F|  |TAMS 0x0000000088400000, 0x0000000088400000| Untracked 
|  59|0x0000000088500000, 0x0000000088500000, 0x0000000088600000|  0%| F|  |TAMS 0x0000000088500000, 0x0000000088500000| Untracked 
|  60|0x0000000088600000, 0x0000000088600000, 0x0000000088700000|  0%| F|  |TAMS 0x0000000088600000, 0x0000000088600000| Untracked 
|  61|0x0000000088700000, 0x0000000088700000, 0x0000000088800000|  0%| F|  |TAMS 0x0000000088700000, 0x0000000088700000| Untracked 
|  62|0x0000000088800000, 0x0000000088800000, 0x0000000088900000|  0%| F|  |TAMS 0x0000000088800000, 0x0000000088800000| Untracked 
|  63|0x0000000088900000, 0x0000000088900000, 0x0000000088a00000|  0%| F|  |TAMS 0x0000000088900000, 0x0000000088900000| Untracked 
|  64|0x0000000088a00000, 0x0000000088a00000, 0x0000000088b00000|  0%| F|  |TAMS 0x0000000088a00000, 0x0000000088a00000| Untracked 
|  65|0x0000000088b00000, 0x0000000088b00000, 0x0000000088c00000|  0%| F|  |TAMS 0x0000000088b00000, 0x0000000088b00000| Untracked 
|  66|0x0000000088c00000, 0x0000000088c00000, 0x0000000088d00000|  0%| F|  |TAMS 0x0000000088c00000, 0x0000000088c00000| Untracked 
|  67|0x0000000088d00000, 0x0000000088d00000, 0x0000000088e00000|  0%| F|  |TAMS 0x0000000088d00000, 0x0000000088d00000| Untracked 
|  68|0x0000000088e00000, 0x0000000088e00000, 0x0000000088f00000|  0%| F|  |TAMS 0x0000000088e00000, 0x0000000088e00000| Untracked 
|  69|0x0000000088f00000, 0x0000000088f00000, 0x0000000089000000|  0%| F|  |TAMS 0x0000000088f00000, 0x0000000088f00000| Untracked 
|  70|0x0000000089000000, 0x0000000089000000, 0x0000000089100000|  0%| F|  |TAMS 0x0000000089000000, 0x0000000089000000| Untracked 
|  71|0x0000000089100000, 0x0000000089100000, 0x0000000089200000|  0%| F|  |TAMS 0x0000000089100000, 0x0000000089100000| Untracked 
|  72|0x0000000089200000, 0x0000000089200000, 0x0000000089300000|  0%| F|  |TAMS 0x0000000089200000, 0x0000000089200000| Untracked 
|  73|0x0000000089300000, 0x0000000089300000, 0x0000000089400000|  0%| F|  |TAMS 0x0000000089300000, 0x0000000089300000| Untracked 
|  74|0x0000000089400000, 0x0000000089400000, 0x0000000089500000|  0%| F|  |TAMS 0x0000000089400000, 0x0000000089400000| Untracked 
|  75|0x0000000089500000, 0x0000000089500000, 0x0000000089600000|  0%| F|  |TAMS 0x0000000089500000, 0x0000000089500000| Untracked 
|  76|0x0000000089600000, 0x0000000089600000, 0x0000000089700000|  0%| F|  |TAMS 0x0000000089600000, 0x0000000089600000| Untracked 
|  77|0x0000000089700000, 0x0000000089700000, 0x0000000089800000|  0%| F|  |TAMS 0x0000000089700000, 0x0000000089700000| Untracked 
|  78|0x0000000089800000, 0x0000000089800000, 0x0000000089900000|  0%| F|  |TAMS 0x0000000089800000, 0x0000000089800000| Untracked 
|  79|0x0000000089900000, 0x0000000089900000, 0x0000000089a00000|  0%| F|  |TAMS 0x0000000089900000, 0x0000000089900000| Untracked 
|  80|0x0000000089a00000, 0x0000000089a00000, 0x0000000089b00000|  0%| F|  |TAMS 0x0000000089a00000, 0x0000000089a00000| Untracked 
|  81|0x0000000089b00000, 0x0000000089b00000, 0x0000000089c00000|  0%| F|  |TAMS 0x0000000089b00000, 0x0000000089b00000| Untracked 
|  82|0x0000000089c00000, 0x0000000089c00000, 0x0000000089d00000|  0%| F|  |TAMS 0x0000000089c00000, 0x0000000089c00000| Untracked 
|  83|0x0000000089d00000, 0x0000000089d00000, 0x0000000089e00000|  0%| F|  |TAMS 0x0000000089d00000, 0x0000000089d00000| Untracked 
|  84|0x0000000089e00000, 0x0000000089e00000, 0x0000000089f00000|  0%| F|  |TAMS 0x0000000089e00000, 0x0000000089e00000| Untracked 
|  85|0x0000000089f00000, 0x0000000089f00000, 0x000000008a000000|  0%| F|  |TAMS 0x0000000089f00000, 0x0000000089f00000| Untracked 
|  86|0x000000008a000000, 0x000000008a000000, 0x000000008a100000|  0%| F|  |TAMS 0x000000008a000000, 0x000000008a000000| Untracked 
|  87|0x000000008a100000, 0x000000008a100000, 0x000000008a200000|  0%| F|  |TAMS 0x000000008a100000, 0x000000008a100000| Untracked 
|  88|0x000000008a200000, 0x000000008a200000, 0x000000008a300000|  0%| F|  |TAMS 0x000000008a200000, 0x000000008a200000| Untracked 
|  89|0x000000008a300000, 0x000000008a300000, 0x000000008a400000|  0%| F|  |TAMS 0x000000008a300000, 0x000000008a300000| Untracked 
|  90|0x000000008a400000, 0x000000008a400000, 0x000000008a500000|  0%| F|  |TAMS 0x000000008a400000, 0x000000008a400000| Untracked 
|  91|0x000000008a500000, 0x000000008a500000, 0x000000008a600000|  0%| F|  |TAMS 0x000000008a500000, 0x000000008a500000| Untracked 
|  92|0x000000008a600000, 0x000000008a600000, 0x000000008a700000|  0%| F|  |TAMS 0x000000008a600000, 0x000000008a600000| Untracked 
|  93|0x000000008a700000, 0x000000008a700000, 0x000000008a800000|  0%| F|  |TAMS 0x000000008a700000, 0x000000008a700000| Untracked 
|  94|0x000000008a800000, 0x000000008a800000, 0x000000008a900000|  0%| F|  |TAMS 0x000000008a800000, 0x000000008a800000| Untracked 
|  95|0x000000008a900000, 0x000000008a900000, 0x000000008aa00000|  0%| F|  |TAMS 0x000000008a900000, 0x000000008a900000| Untracked 
|  96|0x000000008aa00000, 0x000000008aa00000, 0x000000008ab00000|  0%| F|  |TAMS 0x000000008aa00000, 0x000000008aa00000| Untracked 
|  97|0x000000008ab00000, 0x000000008ab00000, 0x000000008ac00000|  0%| F|  |TAMS 0x000000008ab00000, 0x000000008ab00000| Untracked 
|  98|0x000000008ac00000, 0x000000008ac00000, 0x000000008ad00000|  0%| F|  |TAMS 0x000000008ac00000, 0x000000008ac00000| Untracked 
|  99|0x000000008ad00000, 0x000000008ad00000, 0x000000008ae00000|  0%| F|  |TAMS 0x000000008ad00000, 0x000000008ad00000| Untracked 
| 100|0x000000008ae00000, 0x000000008ae00000, 0x000000008af00000|  0%| F|  |TAMS 0x000000008ae00000, 0x000000008ae00000| Untracked 
| 101|0x000000008af00000, 0x000000008af00000, 0x000000008b000000|  0%| F|  |TAMS 0x000000008af00000, 0x000000008af00000| Untracked 
| 102|0x000000008b000000, 0x000000008b000000, 0x000000008b100000|  0%| F|  |TAMS 0x000000008b000000, 0x000000008b000000| Untracked 
| 103|0x000000008b100000, 0x000000008b100000, 0x000000008b200000|  0%| F|  |TAMS 0x000000008b100000, 0x000000008b100000| Untracked 
| 104|0x000000008b200000, 0x000000008b200000, 0x000000008b300000|  0%| F|  |TAMS 0x000000008b200000, 0x000000008b200000| Untracked 
| 105|0x000000008b300000, 0x000000008b300000, 0x000000008b400000|  0%| F|  |TAMS 0x000000008b300000, 0x000000008b300000| Untracked 
| 106|0x000000008b400000, 0x000000008b400000, 0x000000008b500000|  0%| F|  |TAMS 0x000000008b400000, 0x000000008b400000| Untracked 
| 107|0x000000008b500000, 0x000000008b500000, 0x000000008b600000|  0%| F|  |TAMS 0x000000008b500000, 0x000000008b500000| Untracked 
| 108|0x000000008b600000, 0x000000008b600000, 0x000000008b700000|  0%| F|  |TAMS 0x000000008b600000, 0x000000008b600000| Untracked 
| 109|0x000000008b700000, 0x000000008b700000, 0x000000008b800000|  0%| F|  |TAMS 0x000000008b700000, 0x000000008b700000| Untracked 
| 110|0x000000008b800000, 0x000000008b800000, 0x000000008b900000|  0%| F|  |TAMS 0x000000008b800000, 0x000000008b800000| Untracked 
| 111|0x000000008b900000, 0x000000008b900000, 0x000000008ba00000|  0%| F|  |TAMS 0x000000008b900000, 0x000000008b900000| Untracked 
| 112|0x000000008ba00000, 0x000000008ba00000, 0x000000008bb00000|  0%| F|  |TAMS 0x000000008ba00000, 0x000000008ba00000| Untracked 
| 113|0x000000008bb00000, 0x000000008bb00000, 0x000000008bc00000|  0%| F|  |TAMS 0x000000008bb00000, 0x000000008bb00000| Untracked 
| 114|0x000000008bc00000, 0x000000008bc00000, 0x000000008bd00000|  0%| F|  |TAMS 0x000000008bc00000, 0x000000008bc00000| Untracked 
| 115|0x000000008bd00000, 0x000000008bd8fea0, 0x000000008be00000| 56%| E|  |TAMS 0x000000008bd00000, 0x000000008bd00000| Complete 
| 116|0x000000008be00000, 0x000000008bf00000, 0x000000008bf00000|100%| E|CS|TAMS 0x000000008be00000, 0x000000008be00000| Complete 
| 117|0x000000008bf00000, 0x000000008c000000, 0x000000008c000000|100%| E|  |TAMS 0x000000008bf00000, 0x000000008bf00000| Complete 
| 118|0x000000008c000000, 0x000000008c100000, 0x000000008c100000|100%| E|CS|TAMS 0x000000008c000000, 0x000000008c000000| Complete 
| 119|0x000000008c100000, 0x000000008c200000, 0x000000008c200000|100%| E|CS|TAMS 0x000000008c100000, 0x000000008c100000| Complete 
| 120|0x000000008c200000, 0x000000008c300000, 0x000000008c300000|100%| E|CS|TAMS 0x000000008c200000, 0x000000008c200000| Complete 
| 121|0x000000008c300000, 0x000000008c400000, 0x000000008c400000|100%| E|CS|TAMS 0x000000008c300000, 0x000000008c300000| Complete 
| 122|0x000000008c400000, 0x000000008c500000, 0x000000008c500000|100%| E|CS|TAMS 0x000000008c400000, 0x000000008c400000| Complete 
| 123|0x000000008c500000, 0x000000008c600000, 0x000000008c600000|100%| E|CS|TAMS 0x000000008c500000, 0x000000008c500000| Complete 

Card table byte_map: [0x00000258277e0000,0x0000025827bc0000] _byte_map_base: 0x00000258273bb000

Marking Bits (Prev, Next): (CMBitMap*) 0x000002580e218238, (CMBitMap*) 0x000002580e218278
 Prev Bits: [0x0000025827fa0000, 0x0000025829e78000)
 Next Bits: [0x0000025829e80000, 0x000002582bd58000)

Polling page: 0x000002580e2c0000

Metaspace:

Usage:
  Non-class:      4.17 MB capacity,     1.24 MB ( 30%) used,     2.92 MB ( 70%) free+waste,     6.44 KB ( <1%) overhead. 
      Class:    443.00 KB capacity,   150.56 KB ( 34%) used,   288.94 KB ( 65%) free+waste,     3.50 KB ( <1%) overhead. 
       Both:      4.61 MB capacity,     1.39 MB ( 30%) used,     3.21 MB ( 70%) free+waste,     9.94 KB ( <1%) overhead. 

Virtual space:
  Non-class space:        8.00 MB reserved,       4.25 MB ( 53%) committed 
      Class space:        1.00 GB reserved,     512.00 KB ( <1%) committed 
             Both:        1.01 GB reserved,       4.75 MB ( <1%) committed 

Chunk freelists:
   Non-Class:  1.88 KB
       Class:  128 bytes
        Both:  2.00 KB

CodeHeap 'non-profiled nmethods': size=120064Kb used=174Kb max_used=174Kb free=119889Kb
 bounds [0x000002581f880000, 0x000002581faf0000, 0x0000025826dc0000]
CodeHeap 'profiled nmethods': size=120000Kb used=652Kb max_used=652Kb free=119347Kb
 bounds [0x0000025818350000, 0x00000258185c0000, 0x000002581f880000]
CodeHeap 'non-nmethods': size=5696Kb used=1078Kb max_used=1078Kb free=4617Kb
 bounds [0x0000025817dc0000, 0x0000025818030000, 0x0000025818350000]
 total_blobs=970 nmethods=461 adapters=274
 compilation: enabled
              stopped_count=0, restarted_count=0
 full_count=0

Compilation events (10 events):
Event: 0.757 Thread 0x000002582e3a2800 nmethod 457 0x00000258183f0490 code [0x00000258183f0640, 0x00000258183f0818]
Event: 0.757 Thread 0x000002582e3a2800  459       3       java.util.concurrent.ConcurrentHashMap::setTabAt (20 bytes)
Event: 0.758 Thread 0x000002582e3a2800 nmethod 459 0x00000258183f0890 code [0x00000258183f0a60, 0x00000258183f0d58]
Event: 0.760 Thread 0x000002582e3a2800  460       3       java.lang.StringLatin1::toLowerCase (180 bytes)
Event: 0.762 Thread 0x000002582e3a2800 nmethod 460 0x00000258183f0e10 code [0x00000258183f10c0, 0x00000258183f1e60]
Event: 0.762 Thread 0x000002582e3a2800  461       3       java.lang.String::lastIndexOf (29 bytes)
Event: 0.763 Thread 0x000002582e3a2800 nmethod 461 0x00000258183f2390 code [0x00000258183f2580, 0x00000258183f2880]
Event: 0.763 Thread 0x000002582e3a2800  462       3       java.lang.String::lastIndexOf (12 bytes)
Event: 0.764 Thread 0x000002582e3a2800 nmethod 462 0x00000258183f2990 code [0x00000258183f2ba0, 0x00000258183f3000]
Event: 0.764 Thread 0x000002582e3a2800  464       3       java.lang.invoke.MemberName::isResolved (13 bytes)

GC Heap History (0 events):
No events

Deoptimization events (6 events):
Event: 0.380 Thread 0x000002580e1d7000 Uncommon trap: reason=unstable_if action=reinterpret pc=0x000002581f88f430 method=java.lang.CharacterDataLatin1.isJavaIdentifierPart(I)Z @ 11 c2
Event: 0.491 Thread 0x000002580e1d7000 Uncommon trap: reason=unstable_if action=reinterpret pc=0x000002581f8980b8 method=java.util.HashMap.putVal(ILjava/lang/Object;Ljava/lang/Object;ZZ)Ljava/lang/Object; @ 81 c2
Event: 0.496 Thread 0x000002580e1d7000 Uncommon trap: reason=unstable_if action=reinterpret pc=0x000002581f8959fc method=java.util.ImmutableCollections$SetN.probe(Ljava/lang/Object;)I @ 34 c2
Event: 0.620 Thread 0x000002580e1d7000 Uncommon trap: reason=unstable_if action=reinterpret pc=0x000002581f894ab0 method=java.lang.String.substring(II)Ljava/lang/String; @ 22 c2
Event: 0.646 Thread 0x000002580e1d7000 Uncommon trap: reason=unstable_if action=reinterpret pc=0x000002581f896be8 method=java.lang.String.startsWith(Ljava/lang/String;I)Z @ 1 c2
Event: 0.749 Thread 0x000002580e1d7000 Uncommon trap: reason=unstable_if action=reinterpret pc=0x000002581f885920 method=java.lang.String.isLatin1()Z @ 10 c2

Classes redefined (0 events):
No events

Internal exceptions (3 events):
Event: 0.275 Thread 0x000002580e1d7000 Exception <a 'sun/nio/fs/WindowsException'{0x000000008c419ae0}> (0x000000008c419ae0) thrown at [t:/workspace/open/src/hotspot/share/prims/jni.cpp, line 615]
Event: 0.278 Thread 0x000002580e1d7000 Exception <a 'sun/nio/fs/WindowsException'{0x000000008c419fb0}> (0x000000008c419fb0) thrown at [t:/workspace/open/src/hotspot/share/prims/jni.cpp, line 615]
Event: 0.309 Thread 0x000002580e1d7000 Exception <a 'java/lang/NoSuchMethodError'{0x000000008c43a390}: java.lang.invoke.DirectMethodHandle$Holder.invokeSpecialIFC(Ljava/lang/Object;Ljava/lang/Object;I)I> (0x000000008c43a390) thrown at [t:/workspace/open/src/hotspot/share/interpreter/linkResolv

Events (10 events):
Event: 0.763 loading class sun/net/spi/DefaultProxySelector$4 done
Event: 0.764 loading class sun/net/NetHooks
Event: 0.764 loading class sun/net/NetHooks done
Event: 0.764 loading class java/util/concurrent/atomic/AtomicBoolean
Event: 0.764 loading class java/util/concurrent/atomic/AtomicBoolean done
Event: 0.764 loading class java/net/Socket$2
Event: 0.764 loading class java/net/Socket$2 done
Event: 0.764 loading class java/net/SocketInputStream
Event: 0.765 Executing VM operation: RevokeBias
Event: 0.765 loading class java/net/SocketInputStream done


Dynamic libraries:
0x00007ff749810000 - 0x00007ff74981f000 	C:\Program Files\Java\jdk-12.0.2\bin\java.exe
0x00007ffb0b690000 - 0x00007ffb0b885000 	C:\Windows\SYSTEM32\ntdll.dll
0x00007ffb09bf0000 - 0x00007ffb09cad000 	C:\Windows\System32\KERNEL32.DLL
0x00007ffb08e30000 - 0x00007ffb090f9000 	C:\Windows\System32\KERNELBASE.dll
0x00007ffb09210000 - 0x00007ffb09310000 	C:\Windows\System32\ucrtbase.dll
0x00007ffb02c20000 - 0x00007ffb02c38000 	C:\Program Files\Java\jdk-12.0.2\bin\jli.dll
0x00007ffb0a2d0000 - 0x00007ffb0a37c000 	C:\Windows\System32\ADVAPI32.dll
0x00007ffb09940000 - 0x00007ffb099de000 	C:\Windows\System32\msvcrt.dll
0x00007ffb0b5b0000 - 0x00007ffb0b64c000 	C:\Windows\System32\sechost.dll
0x00007ffb0a6c0000 - 0x00007ffb0a7eb000 	C:\Windows\System32\RPCRT4.dll
0x00007ffb0a3e0000 - 0x00007ffb0a580000 	C:\Windows\System32\USER32.dll
0x00007ffb09100000 - 0x00007ffb09122000 	C:\Windows\System32\win32u.dll
0x00007ffafb6e0000 - 0x00007ffafb6f6000 	C:\Program Files\Java\jdk-12.0.2\bin\VCRUNTIME140.dll
0x00007ffb0a7f0000 - 0x00007ffb0a81a000 	C:\Windows\System32\GDI32.dll
0x00007ffb09400000 - 0x00007ffb0950b000 	C:\Windows\System32\gdi32full.dll
0x00007ffb09360000 - 0x00007ffb093fd000 	C:\Windows\System32\msvcp_win.dll
0x00007ffafa310000 - 0x00007ffafa5aa000 	C:\Windows\WinSxS\amd64_microsoft.windows.common-controls_6595b64144ccf1df_6.0.19041.844_none_ca00b6081b84eb1d\COMCTL32.dll
0x00007ffb01ea0000 - 0x00007ffb01eaa000 	C:\Windows\SYSTEM32\VERSION.dll
0x00007ffb09ec0000 - 0x00007ffb09ef0000 	C:\Windows\System32\IMM32.DLL
0x00007ffaf2150000 - 0x00007ffaf21fa000 	C:\Program Files\Java\jdk-12.0.2\bin\msvcp140.dll
0x00007ffab31f0000 - 0x00007ffab3d67000 	C:\Program Files\Java\jdk-12.0.2\bin\server\jvm.dll
0x00007ffb09ea0000 - 0x00007ffb09ea8000 	C:\Windows\System32\PSAPI.DLL
0x00007ffb065f0000 - 0x00007ffb065f9000 	C:\Windows\SYSTEM32\WSOCK32.dll
0x00007ffb0a580000 - 0x00007ffb0a5eb000 	C:\Windows\System32\WS2_32.dll
0x00007ffafc210000 - 0x00007ffafc237000 	C:\Windows\SYSTEM32\WINMM.dll
0x00007ffb06d30000 - 0x00007ffb06d42000 	C:\Windows\SYSTEM32\kernel.appcore.dll
0x00007ffafb6c0000 - 0x00007ffafb6d1000 	C:\Program Files\Java\jdk-12.0.2\bin\verify.dll
0x00007ffaf5780000 - 0x00007ffaf5964000 	C:\Windows\SYSTEM32\DBGHELP.DLL
0x00007ffaf5750000 - 0x00007ffaf577c000 	C:\Windows\SYSTEM32\dbgcore.DLL
0x00007ffb09510000 - 0x00007ffb09590000 	C:\Windows\System32\bcryptPrimitives.dll
0x00007ffafb500000 - 0x00007ffafb526000 	C:\Program Files\Java\jdk-12.0.2\bin\java.dll
0x00007ffb02db0000 - 0x00007ffb02dbe000 	C:\Program Files\Java\jdk-12.0.2\bin\instrument.dll
0x00007ffaf80d0000 - 0x00007ffaf80e7000 	C:\Program Files\Java\jdk-12.0.2\bin\zip.dll
0x00007ffafb680000 - 0x00007ffafb68a000 	C:\Program Files\Java\jdk-12.0.2\bin\jimage.dll
0x00007ffb0a9f0000 - 0x00007ffb0b132000 	C:\Windows\System32\SHELL32.dll
0x00007ffb06f30000 - 0x00007ffb076c0000 	C:\Windows\SYSTEM32\windows.storage.dll
0x00007ffb09f10000 - 0x00007ffb0a265000 	C:\Windows\System32\combase.dll
0x00007ffb08840000 - 0x00007ffb0886c000 	C:\Windows\SYSTEM32\Wldp.dll
0x00007ffb09df0000 - 0x00007ffb09e9e000 	C:\Windows\System32\SHCORE.dll
0x00007ffb0a380000 - 0x00007ffb0a3d5000 	C:\Windows\System32\shlwapi.dll
0x00007ffb08d10000 - 0x00007ffb08d2f000 	C:\Windows\SYSTEM32\profapi.dll
0x00007ffaf7ef0000 - 0x00007ffaf7f09000 	C:\Program Files\Java\jdk-12.0.2\bin\net.dll
0x00007ffafc670000 - 0x00007ffafc77c000 	C:\Windows\SYSTEM32\WINHTTP.dll
0x00007ffaf8fe0000 - 0x00007ffaf91ce000 	C:\Windows\SYSTEM32\urlmon.dll
0x00007ffaf6110000 - 0x00007ffaf63c0000 	C:\Windows\SYSTEM32\iertutil.dll
0x00007ffb085c0000 - 0x00007ffb0862a000 	C:\Windows\system32\mswsock.dll
0x00007ffaf7ea0000 - 0x00007ffaf7eb3000 	C:\Program Files\Java\jdk-12.0.2\bin\nio.dll
0x00007ffaf3c60000 - 0x00007ffaf3c7a000 	C:\Program Files\JetBrains\IntelliJ IDEA Educational Edition 2020.1.1\bin\breakgen64.dll

dbghelp: loaded successfully - version: 4.0.5 - missing functions: none
symbol engine: initialized successfully - sym options: 0x614 - pdb path: .;C:\Program Files\Java\jdk-12.0.2\bin;C:\Windows\SYSTEM32;C:\Windows\WinSxS\amd64_microsoft.windows.common-controls_6595b64144ccf1df_6.0.19041.844_none_ca00b6081b84eb1d;C:\Program Files\Java\jdk-12.0.2\bin\server;C:\Program Files\JetBrains\IntelliJ IDEA Educational Edition 2020.1.1\bin

VM Arguments:
jvm_args: --module-path=C:\Program Files\Java\javafx\javafx-sdk-12.0.2\lib --add-modules=javafx.controls,javafx.fxml --add-modules=javafx.base,javafx.graphics --add-reads=javafx.base=ALL-UNNAMED --add-reads=javafx.graphics=ALL-UNNAMED -javaagent:C:\Program Files\JetBrains\IntelliJ IDEA Educational Edition 2020.1.1\lib\idea_rt.jar=54543:C:\Program Files\JetBrains\IntelliJ IDEA Educational Edition 2020.1.1\bin -Dfile.encoding=UTF-8 
java_command: sample.Main
java_class_path (initial): C:\Users\Sos\IdeaProjects\Gl\out\production\Gl;C:\Program Files\Java\javafx\javafx-sdk-12.0.2\lib\src.zip;C:\Program Files\Java\javafx\javafx-sdk-12.0.2\lib\javafx-swt.jar;C:\Program Files\Java\javafx\javafx-sdk-12.0.2\lib\javafx.web.jar;C:\Program Files\Java\javafx\javafx-sdk-12.0.2\lib\javafx.base.jar;C:\Program Files\Java\javafx\javafx-sdk-12.0.2\lib\javafx.fxml.jar;C:\Program Files\Java\javafx\javafx-sdk-12.0.2\lib\javafx.media.jar;C:\Program Files\Java\javafx\javafx-sdk-12.0.2\lib\javafx.swing.jar;C:\Program Files\Java\javafx\javafx-sdk-12.0.2\lib\javafx.controls.jar;C:\Program Files\Java\javafx\javafx-sdk-12.0.2\lib\javafx.graphics.jar;C:\Program Files\Java\jfoenix-9.0.10.jar;C:\Program Files\Java\mysql-connector-java-5.1.49\mysql-connector-java-5.1.49-bin.jar;C:\Program Files\Java\mysql-connector-java-5.1.49\mysql-connector-java-5.1.49.jar
Launcher Type: SUN_STANDARD

[Global flags]
     intx CICompilerCount                          = 3                                         {product} {ergonomic}
     uint ConcGCThreads                            = 1                                         {product} {ergonomic}
     uint G1ConcRefinementThreads                  = 4                                         {product} {ergonomic}
   size_t G1HeapRegionSize                         = 1048576                                   {product} {ergonomic}
    uintx GCDrainStackTargetSize                   = 64                                        {product} {ergonomic}
   size_t InitialHeapSize                          = 130023424                                 {product} {ergonomic}
   size_t MarkStackSize                            = 4194304                                   {product} {ergonomic}
   size_t MaxHeapSize                              = 2069889024                                {product} {ergonomic}
   size_t MaxNewSize                               = 1241513984                                {product} {ergonomic}
   size_t MinHeapDeltaBytes                        = 1048576                                   {product} {ergonomic}
    uintx NonNMethodCodeHeapSize                   = 5830732                                {pd product} {ergonomic}
    uintx NonProfiledCodeHeapSize                  = 122913754                              {pd product} {ergonomic}
    uintx ProfiledCodeHeapSize                     = 122913754                              {pd product} {ergonomic}
    uintx ReservedCodeCacheSize                    = 251658240                              {pd product} {ergonomic}
     bool SegmentedCodeCache                       = true                                      {product} {ergonomic}
     bool UseCompressedClassPointers               = true                                 {lp64_product} {ergonomic}
     bool UseCompressedOops                        = true                                 {lp64_product} {ergonomic}
     bool UseG1GC                                  = true                                      {product} {ergonomic}
     bool UseLargePagesIndividualAllocation        = false                                  {pd product} {ergonomic}

Logging:
Log output configuration:
 #0: stdout all=warning uptime,level,tags
 #1: stderr all=off uptime,level,tags

Environment Variables:
PATH=C:\app\Sos\product\11.2.0\dbhome_1\bin;C:\python\Scripts\;C:\python\;C:\Program Files\Python38\Scripts\;C:\Program Files\Python38\;C:\Program Files (x86)\Common Files\Oracle\Java\javapath;C:\Windows\system32;C:\Windows;C:\Windows\System32\Wbem;C:\Windows\System32\WindowsPowerShell\v1.0\;C:\Windows\System32\OpenSSH\;C:\Program Files\Java\jdk-11.0.7\bin;C:\Program Files\Java\jdk-12.0.2\bin;C:\Program Files\Java\jre1.8.0_271\bin;C:\Program Files (x86)\Brackets\command;C:\Bison\bin;C:\Program Files (x86)\GnuWin32\bin;C:\MinGW\bin;C:\MinGW\lib;C:\Program Files\MySQL\MySQL Shell 8.0\bin\;C:\Users\Sos\AppData\Local\Microsoft\WindowsApps;;C:\Program Files\JetBrains\PyCharm Edu 2020.2.2\bin;;C:\Users\Sos\AppData\Local\Programs\Microsoft VS Code\bin;C:\Program Files\JetBrains\IntelliJ IDEA Educational Edition 2020.1.1\bin;
USERNAME=Sos
OS=Windows_NT
PROCESSOR_IDENTIFIER=Intel64 Family 6 Model 78 Stepping 3, GenuineIntel



---------------  S Y S T E M  ---------------

OS: Windows 10 , 64 bit Build 19041 (10.0.19041.804)

CPU:total 4 (initial active 4) (2 cores per cpu, 2 threads per core) family 6 model 78 stepping 3, cmov, cx8, fxsr, mmx, sse, sse2, sse3, ssse3, sse4.1, sse4.2, popcnt, avx, avx2, aes, clmul, erms, 3dnowpref, lzcnt, ht, tsc, tscinvbit, bmi1, bmi2, adx, fma

Memory: 4k page, system-wide physical 7893M (962M free)
TotalPageFile size 32469M (AvailPageFile size 2M)
current process WorkingSet (physical memory assigned to process): 61M, peak: 61M
current process commit charge ("private bytes"): 216M, peak: 216M

vm_info: Java HotSpot(TM) 64-Bit Server VM (12.0.2+10) for windows-amd64 JRE (12.0.2+10), built on Jul 16 2019 01:56:17 by "mach5one" with MS VC++ 15.5 (VS2017)

END.
